Loading .Rprofile for the current workflowr project
This is workflowr version 1.7.1
Run ?workflowr for help getting started
Current working directory: /project/xinhe/xsun/website/multigroup_ctwas_analysis
Building 1 file(s):
Building analysis/comparing_differnt_settings_ldmm.Rmd
Build failed. See log files for full details.
stdout: /scratch/local/jobs/30482951/Rtmp4usa7F/workflowr/comparing_differnt_settings_ldmm.Rmd-2025-04-16-16h-24m-34s-out.txt
stderr: /scratch/local/jobs/30482951/Rtmp4usa7F/workflowr/comparing_differnt_settings_ldmm.Rmd-2025-04-16-16h-24m-34s-err.txt
  |                                 
  |.................          |  64% (unnamed-chunk-26)                        
  |                                 
  |.................          |  65%                                           
  |                                 
  |..................         |  66% (unnamed-chunk-27)                        
  |                                 
  |..................         |  67%                                           
  |                                 
  |..................         |  68% (unnamed-chunk-28)                        
                                                                                                                                     
Error: callr subprocess failed: cannot open the connection
Execution halted
