INFO [2025-07-11 15:34:48] $x
INFO [2025-07-11 15:34:48] list(cTWAS = ctwas_genes, TWAS = twas_genes, coloc = coloc_genes)
INFO [2025-07-11 15:34:48] 
INFO [2025-07-11 15:34:48] $filename
INFO [2025-07-11 15:34:48] NULL
INFO [2025-07-11 15:34:48] 
INFO [2025-07-11 15:34:48] $output
INFO [2025-07-11 15:34:48] [1] TRUE
INFO [2025-07-11 15:34:48] 
INFO [2025-07-11 15:34:48] $category.names
INFO [2025-07-11 15:34:48] c("cTWAS", "TWAS", "coloc")
INFO [2025-07-11 15:34:48] 
INFO [2025-07-11 15:34:48] $cat.cex
INFO [2025-07-11 15:34:48] [1] 1.5
INFO [2025-07-11 15:34:48] 
INFO [2025-07-11 15:34:48] $cex
INFO [2025-07-11 15:34:48] [1] 1.5
INFO [2025-07-11 15:34:48] 
INFO [2025-07-11 15:34:48] $print.mode
INFO [2025-07-11 15:34:48] [1] "raw"
INFO [2025-07-11 15:34:48] 
INFO [2025-07-11 15:34:48] $fill
INFO [2025-07-11 15:34:48] c("#66c2a5", "#fc8d62", "#8da0cb")
INFO [2025-07-11 15:34:48] 
INFO [2025-07-11 15:34:48] $scaled
INFO [2025-07-11 15:34:48] [1] FALSE
INFO [2025-07-11 15:34:48] 
