INFO [2025-07-14 11:35:06] $x
INFO [2025-07-14 11:35:06] list(cTWAS = ctwas_genes, TWAS = twas_genes, coloc = coloc_genes)
INFO [2025-07-14 11:35:06] 
INFO [2025-07-14 11:35:06] $filename
INFO [2025-07-14 11:35:06] NULL
INFO [2025-07-14 11:35:06] 
INFO [2025-07-14 11:35:06] $output
INFO [2025-07-14 11:35:06] [1] TRUE
INFO [2025-07-14 11:35:06] 
INFO [2025-07-14 11:35:06] $category.names
INFO [2025-07-14 11:35:06] c("cTWAS", "TWAS", "coloc")
INFO [2025-07-14 11:35:06] 
INFO [2025-07-14 11:35:06] $cat.cex
INFO [2025-07-14 11:35:06] [1] 1.5
INFO [2025-07-14 11:35:06] 
INFO [2025-07-14 11:35:06] $cex
INFO [2025-07-14 11:35:06] [1] 1.5
INFO [2025-07-14 11:35:06] 
INFO [2025-07-14 11:35:06] $print.mode
INFO [2025-07-14 11:35:06] [1] "raw"
INFO [2025-07-14 11:35:06] 
INFO [2025-07-14 11:35:06] $fill
INFO [2025-07-14 11:35:06] c("#66c2a5", "#fc8d62", "#8da0cb")
INFO [2025-07-14 11:35:06] 
INFO [2025-07-14 11:35:06] $scaled
INFO [2025-07-14 11:35:06] [1] FALSE
INFO [2025-07-14 11:35:06] 
