INFO [2025-07-14 11:13:11] $x
INFO [2025-07-14 11:13:11] list(cTWAS = ctwas_genes, TWAS = twas_genes, coloc = coloc_genes)
INFO [2025-07-14 11:13:11] 
INFO [2025-07-14 11:13:11] $filename
INFO [2025-07-14 11:13:11] NULL
INFO [2025-07-14 11:13:11] 
INFO [2025-07-14 11:13:11] $output
INFO [2025-07-14 11:13:11] [1] TRUE
INFO [2025-07-14 11:13:11] 
INFO [2025-07-14 11:13:11] $category.names
INFO [2025-07-14 11:13:11] c("cTWAS", "TWAS", "coloc")
INFO [2025-07-14 11:13:11] 
INFO [2025-07-14 11:13:11] $cat.cex
INFO [2025-07-14 11:13:11] [1] 1.5
INFO [2025-07-14 11:13:11] 
INFO [2025-07-14 11:13:11] $cex
INFO [2025-07-14 11:13:11] [1] 1.5
INFO [2025-07-14 11:13:11] 
INFO [2025-07-14 11:13:11] $print.mode
INFO [2025-07-14 11:13:11] [1] "raw"
INFO [2025-07-14 11:13:11] 
INFO [2025-07-14 11:13:11] $fill
INFO [2025-07-14 11:13:11] c("#66c2a5", "#fc8d62", "#8da0cb")
INFO [2025-07-14 11:13:11] 
INFO [2025-07-14 11:13:11] $scaled
INFO [2025-07-14 11:13:11] [1] FALSE
INFO [2025-07-14 11:13:11] 
INFO [2025-07-14 11:13:11] $x
INFO [2025-07-14 11:13:11] term_lists
INFO [2025-07-14 11:13:11] 
INFO [2025-07-14 11:13:11] $filename
INFO [2025-07-14 11:13:11] NULL
INFO [2025-07-14 11:13:11] 
INFO [2025-07-14 11:13:11] $output
INFO [2025-07-14 11:13:11] [1] TRUE
INFO [2025-07-14 11:13:11] 
INFO [2025-07-14 11:13:11] $category.names
INFO [2025-07-14 11:13:11] c("cTWAS", "TWAS", "coloc")
INFO [2025-07-14 11:13:11] 
INFO [2025-07-14 11:13:11] $cat.cex
INFO [2025-07-14 11:13:11] [1] 1.5
INFO [2025-07-14 11:13:11] 
INFO [2025-07-14 11:13:11] $cex
INFO [2025-07-14 11:13:11] [1] 1.5
INFO [2025-07-14 11:13:11] 
INFO [2025-07-14 11:13:11] $print.mode
INFO [2025-07-14 11:13:11] [1] "raw"
INFO [2025-07-14 11:13:11] 
INFO [2025-07-14 11:13:11] $fill
INFO [2025-07-14 11:13:11] c("#66c2a5", "#fc8d62", "#8da0cb")
INFO [2025-07-14 11:13:11] 
INFO [2025-07-14 11:13:11] $scaled
INFO [2025-07-14 11:13:11] [1] FALSE
INFO [2025-07-14 11:13:11] 
INFO [2025-07-14 11:13:11] $x
INFO [2025-07-14 11:13:11] list(cTWAS = ctwas_genes, TWAS = twas_genes, coloc = coloc_genes)
INFO [2025-07-14 11:13:11] 
INFO [2025-07-14 11:13:11] $filename
INFO [2025-07-14 11:13:11] NULL
INFO [2025-07-14 11:13:11] 
INFO [2025-07-14 11:13:11] $output
INFO [2025-07-14 11:13:11] [1] TRUE
INFO [2025-07-14 11:13:11] 
INFO [2025-07-14 11:13:11] $category.names
INFO [2025-07-14 11:13:11] c("cTWAS", "TWAS", "coloc")
INFO [2025-07-14 11:13:11] 
INFO [2025-07-14 11:13:11] $cat.cex
INFO [2025-07-14 11:13:11] [1] 1.5
INFO [2025-07-14 11:13:11] 
INFO [2025-07-14 11:13:11] $cex
INFO [2025-07-14 11:13:11] [1] 1.5
INFO [2025-07-14 11:13:11] 
INFO [2025-07-14 11:13:11] $print.mode
INFO [2025-07-14 11:13:11] [1] "raw"
INFO [2025-07-14 11:13:11] 
INFO [2025-07-14 11:13:11] $fill
INFO [2025-07-14 11:13:11] c("#66c2a5", "#fc8d62", "#8da0cb")
INFO [2025-07-14 11:13:11] 
INFO [2025-07-14 11:13:11] $scaled
INFO [2025-07-14 11:13:11] [1] FALSE
INFO [2025-07-14 11:13:11] 
INFO [2025-07-14 11:13:11] $x
INFO [2025-07-14 11:13:11] term_lists
INFO [2025-07-14 11:13:11] 
INFO [2025-07-14 11:13:11] $filename
INFO [2025-07-14 11:13:11] NULL
INFO [2025-07-14 11:13:11] 
INFO [2025-07-14 11:13:11] $output
INFO [2025-07-14 11:13:11] [1] TRUE
INFO [2025-07-14 11:13:11] 
INFO [2025-07-14 11:13:11] $category.names
INFO [2025-07-14 11:13:11] c("cTWAS", "TWAS", "coloc")
INFO [2025-07-14 11:13:11] 
INFO [2025-07-14 11:13:11] $cat.cex
INFO [2025-07-14 11:13:11] [1] 1.5
INFO [2025-07-14 11:13:11] 
INFO [2025-07-14 11:13:11] $cex
INFO [2025-07-14 11:13:11] [1] 1.5
INFO [2025-07-14 11:13:11] 
INFO [2025-07-14 11:13:11] $print.mode
INFO [2025-07-14 11:13:11] [1] "raw"
INFO [2025-07-14 11:13:11] 
INFO [2025-07-14 11:13:11] $fill
INFO [2025-07-14 11:13:11] c("#66c2a5", "#fc8d62", "#8da0cb")
INFO [2025-07-14 11:13:11] 
INFO [2025-07-14 11:13:11] $scaled
INFO [2025-07-14 11:13:11] [1] FALSE
INFO [2025-07-14 11:13:11] 
INFO [2025-07-14 11:13:11] $x
INFO [2025-07-14 11:13:11] list(cTWAS = ctwas_genes, TWAS = twas_genes, coloc = coloc_genes)
INFO [2025-07-14 11:13:11] 
INFO [2025-07-14 11:13:11] $filename
INFO [2025-07-14 11:13:11] NULL
INFO [2025-07-14 11:13:11] 
INFO [2025-07-14 11:13:11] $output
INFO [2025-07-14 11:13:11] [1] TRUE
INFO [2025-07-14 11:13:11] 
INFO [2025-07-14 11:13:11] $category.names
INFO [2025-07-14 11:13:11] c("cTWAS", "TWAS", "coloc")
INFO [2025-07-14 11:13:11] 
INFO [2025-07-14 11:13:11] $cat.cex
INFO [2025-07-14 11:13:11] [1] 1.5
INFO [2025-07-14 11:13:11] 
INFO [2025-07-14 11:13:11] $cex
INFO [2025-07-14 11:13:11] [1] 1.5
INFO [2025-07-14 11:13:11] 
INFO [2025-07-14 11:13:11] $print.mode
INFO [2025-07-14 11:13:11] [1] "raw"
INFO [2025-07-14 11:13:11] 
INFO [2025-07-14 11:13:11] $fill
INFO [2025-07-14 11:13:11] c("#66c2a5", "#fc8d62", "#8da0cb")
INFO [2025-07-14 11:13:11] 
INFO [2025-07-14 11:13:11] $scaled
INFO [2025-07-14 11:13:11] [1] FALSE
INFO [2025-07-14 11:13:11] 
INFO [2025-07-14 11:13:11] $x
INFO [2025-07-14 11:13:11] term_lists
INFO [2025-07-14 11:13:11] 
INFO [2025-07-14 11:13:11] $filename
INFO [2025-07-14 11:13:11] NULL
INFO [2025-07-14 11:13:11] 
INFO [2025-07-14 11:13:11] $output
INFO [2025-07-14 11:13:11] [1] TRUE
INFO [2025-07-14 11:13:11] 
INFO [2025-07-14 11:13:11] $category.names
INFO [2025-07-14 11:13:11] c("cTWAS", "TWAS", "coloc")
INFO [2025-07-14 11:13:11] 
INFO [2025-07-14 11:13:11] $cat.cex
INFO [2025-07-14 11:13:11] [1] 1.5
INFO [2025-07-14 11:13:11] 
INFO [2025-07-14 11:13:11] $cex
INFO [2025-07-14 11:13:11] [1] 1.5
INFO [2025-07-14 11:13:11] 
INFO [2025-07-14 11:13:11] $print.mode
INFO [2025-07-14 11:13:11] [1] "raw"
INFO [2025-07-14 11:13:11] 
INFO [2025-07-14 11:13:11] $fill
INFO [2025-07-14 11:13:11] c("#66c2a5", "#fc8d62", "#8da0cb")
INFO [2025-07-14 11:13:11] 
INFO [2025-07-14 11:13:11] $scaled
INFO [2025-07-14 11:13:11] [1] FALSE
INFO [2025-07-14 11:13:11] 
INFO [2025-07-14 11:13:11] $x
INFO [2025-07-14 11:13:11] list(cTWAS = ctwas_genes, TWAS = twas_genes, coloc = coloc_genes)
INFO [2025-07-14 11:13:11] 
INFO [2025-07-14 11:13:11] $filename
INFO [2025-07-14 11:13:11] NULL
INFO [2025-07-14 11:13:11] 
INFO [2025-07-14 11:13:11] $output
INFO [2025-07-14 11:13:11] [1] TRUE
INFO [2025-07-14 11:13:11] 
INFO [2025-07-14 11:13:11] $category.names
INFO [2025-07-14 11:13:11] c("cTWAS", "TWAS", "coloc")
INFO [2025-07-14 11:13:11] 
INFO [2025-07-14 11:13:11] $cat.cex
INFO [2025-07-14 11:13:11] [1] 1.5
INFO [2025-07-14 11:13:11] 
INFO [2025-07-14 11:13:11] $cex
INFO [2025-07-14 11:13:11] [1] 1.5
INFO [2025-07-14 11:13:11] 
INFO [2025-07-14 11:13:11] $print.mode
INFO [2025-07-14 11:13:11] [1] "raw"
INFO [2025-07-14 11:13:11] 
INFO [2025-07-14 11:13:11] $fill
INFO [2025-07-14 11:13:11] c("#66c2a5", "#fc8d62", "#8da0cb")
INFO [2025-07-14 11:13:11] 
INFO [2025-07-14 11:13:11] $scaled
INFO [2025-07-14 11:13:11] [1] FALSE
INFO [2025-07-14 11:13:11] 
