INFO [2025-07-14 11:36:17] $x
INFO [2025-07-14 11:36:17] list(cTWAS = ctwas_genes, TWAS = twas_genes, coloc = coloc_genes)
INFO [2025-07-14 11:36:17] 
INFO [2025-07-14 11:36:17] $filename
INFO [2025-07-14 11:36:17] NULL
INFO [2025-07-14 11:36:17] 
INFO [2025-07-14 11:36:17] $output
INFO [2025-07-14 11:36:17] [1] TRUE
INFO [2025-07-14 11:36:17] 
INFO [2025-07-14 11:36:17] $category.names
INFO [2025-07-14 11:36:17] c("cTWAS", "TWAS", "coloc")
INFO [2025-07-14 11:36:17] 
INFO [2025-07-14 11:36:17] $cat.cex
INFO [2025-07-14 11:36:17] [1] 1.5
INFO [2025-07-14 11:36:17] 
INFO [2025-07-14 11:36:17] $cex
INFO [2025-07-14 11:36:17] [1] 1.5
INFO [2025-07-14 11:36:17] 
INFO [2025-07-14 11:36:17] $print.mode
INFO [2025-07-14 11:36:17] [1] "raw"
INFO [2025-07-14 11:36:17] 
INFO [2025-07-14 11:36:17] $fill
INFO [2025-07-14 11:36:17] c("#66c2a5", "#fc8d62", "#8da0cb")
INFO [2025-07-14 11:36:17] 
INFO [2025-07-14 11:36:17] $scaled
INFO [2025-07-14 11:36:17] [1] FALSE
INFO [2025-07-14 11:36:17] 
