INFO [2025-07-11 15:26:15] $x
INFO [2025-07-11 15:26:15] list(cTWAS = ctwas_genes, TWAS = twas_genes, coloc = coloc_genes)
INFO [2025-07-11 15:26:15] 
INFO [2025-07-11 15:26:15] $filename
INFO [2025-07-11 15:26:15] NULL
INFO [2025-07-11 15:26:15] 
INFO [2025-07-11 15:26:15] $output
INFO [2025-07-11 15:26:15] [1] TRUE
INFO [2025-07-11 15:26:15] 
INFO [2025-07-11 15:26:15] $category.names
INFO [2025-07-11 15:26:15] c("cTWAS", "TWAS", "coloc")
INFO [2025-07-11 15:26:15] 
INFO [2025-07-11 15:26:15] $cat.cex
INFO [2025-07-11 15:26:15] [1] 1.5
INFO [2025-07-11 15:26:15] 
INFO [2025-07-11 15:26:15] $cex
INFO [2025-07-11 15:26:15] [1] 1.5
INFO [2025-07-11 15:26:15] 
INFO [2025-07-11 15:26:15] $print.mode
INFO [2025-07-11 15:26:15] [1] "raw"
INFO [2025-07-11 15:26:15] 
INFO [2025-07-11 15:26:15] $fill
INFO [2025-07-11 15:26:15] c("#66c2a5", "#fc8d62", "#8da0cb")
INFO [2025-07-11 15:26:15] 
INFO [2025-07-11 15:26:15] $scaled
INFO [2025-07-11 15:26:15] [1] FALSE
INFO [2025-07-11 15:26:15] 
INFO [2025-07-11 15:26:15] $x
INFO [2025-07-11 15:26:15] term_lists
INFO [2025-07-11 15:26:15] 
INFO [2025-07-11 15:26:15] $filename
INFO [2025-07-11 15:26:15] NULL
INFO [2025-07-11 15:26:15] 
INFO [2025-07-11 15:26:15] $output
INFO [2025-07-11 15:26:15] [1] TRUE
INFO [2025-07-11 15:26:15] 
INFO [2025-07-11 15:26:15] $category.names
INFO [2025-07-11 15:26:15] c("cTWAS", "TWAS", "coloc")
INFO [2025-07-11 15:26:15] 
INFO [2025-07-11 15:26:15] $cat.cex
INFO [2025-07-11 15:26:15] [1] 1.5
INFO [2025-07-11 15:26:15] 
INFO [2025-07-11 15:26:15] $cex
INFO [2025-07-11 15:26:15] [1] 1.5
INFO [2025-07-11 15:26:15] 
INFO [2025-07-11 15:26:15] $print.mode
INFO [2025-07-11 15:26:15] [1] "raw"
INFO [2025-07-11 15:26:15] 
INFO [2025-07-11 15:26:15] $fill
INFO [2025-07-11 15:26:15] c("#66c2a5", "#fc8d62", "#8da0cb")
INFO [2025-07-11 15:26:15] 
INFO [2025-07-11 15:26:15] $scaled
INFO [2025-07-11 15:26:15] [1] FALSE
INFO [2025-07-11 15:26:15] 
INFO [2025-07-11 15:26:15] $x
INFO [2025-07-11 15:26:15] list(cTWAS = ctwas_genes, TWAS = twas_genes, coloc = coloc_genes)
INFO [2025-07-11 15:26:15] 
INFO [2025-07-11 15:26:15] $filename
INFO [2025-07-11 15:26:15] NULL
INFO [2025-07-11 15:26:15] 
INFO [2025-07-11 15:26:15] $output
INFO [2025-07-11 15:26:15] [1] TRUE
INFO [2025-07-11 15:26:15] 
INFO [2025-07-11 15:26:15] $category.names
INFO [2025-07-11 15:26:15] c("cTWAS", "TWAS", "coloc")
INFO [2025-07-11 15:26:15] 
INFO [2025-07-11 15:26:15] $cat.cex
INFO [2025-07-11 15:26:15] [1] 1.5
INFO [2025-07-11 15:26:15] 
INFO [2025-07-11 15:26:15] $cex
INFO [2025-07-11 15:26:15] [1] 1.5
INFO [2025-07-11 15:26:15] 
INFO [2025-07-11 15:26:15] $print.mode
INFO [2025-07-11 15:26:15] [1] "raw"
INFO [2025-07-11 15:26:15] 
INFO [2025-07-11 15:26:15] $fill
INFO [2025-07-11 15:26:15] c("#66c2a5", "#fc8d62", "#8da0cb")
INFO [2025-07-11 15:26:15] 
INFO [2025-07-11 15:26:15] $scaled
INFO [2025-07-11 15:26:15] [1] FALSE
INFO [2025-07-11 15:26:15] 
INFO [2025-07-11 15:26:15] $x
INFO [2025-07-11 15:26:15] term_lists
INFO [2025-07-11 15:26:15] 
INFO [2025-07-11 15:26:15] $filename
INFO [2025-07-11 15:26:15] NULL
INFO [2025-07-11 15:26:15] 
INFO [2025-07-11 15:26:15] $output
INFO [2025-07-11 15:26:15] [1] TRUE
INFO [2025-07-11 15:26:15] 
INFO [2025-07-11 15:26:15] $category.names
INFO [2025-07-11 15:26:15] c("cTWAS", "TWAS", "coloc")
INFO [2025-07-11 15:26:15] 
INFO [2025-07-11 15:26:15] $cat.cex
INFO [2025-07-11 15:26:15] [1] 1.5
INFO [2025-07-11 15:26:15] 
INFO [2025-07-11 15:26:15] $cex
INFO [2025-07-11 15:26:15] [1] 1.5
INFO [2025-07-11 15:26:15] 
INFO [2025-07-11 15:26:15] $print.mode
INFO [2025-07-11 15:26:15] [1] "raw"
INFO [2025-07-11 15:26:15] 
INFO [2025-07-11 15:26:15] $fill
INFO [2025-07-11 15:26:15] c("#66c2a5", "#fc8d62", "#8da0cb")
INFO [2025-07-11 15:26:15] 
INFO [2025-07-11 15:26:15] $scaled
INFO [2025-07-11 15:26:15] [1] FALSE
INFO [2025-07-11 15:26:15] 
INFO [2025-07-11 15:26:15] $x
INFO [2025-07-11 15:26:15] list(cTWAS = ctwas_genes, TWAS = twas_genes, coloc = coloc_genes)
INFO [2025-07-11 15:26:15] 
INFO [2025-07-11 15:26:15] $filename
INFO [2025-07-11 15:26:15] NULL
INFO [2025-07-11 15:26:15] 
INFO [2025-07-11 15:26:15] $output
INFO [2025-07-11 15:26:15] [1] TRUE
INFO [2025-07-11 15:26:15] 
INFO [2025-07-11 15:26:15] $category.names
INFO [2025-07-11 15:26:15] c("cTWAS", "TWAS", "coloc")
INFO [2025-07-11 15:26:15] 
INFO [2025-07-11 15:26:15] $cat.cex
INFO [2025-07-11 15:26:15] [1] 1.5
INFO [2025-07-11 15:26:15] 
INFO [2025-07-11 15:26:15] $cex
INFO [2025-07-11 15:26:15] [1] 1.5
INFO [2025-07-11 15:26:15] 
INFO [2025-07-11 15:26:15] $print.mode
INFO [2025-07-11 15:26:15] [1] "raw"
INFO [2025-07-11 15:26:15] 
INFO [2025-07-11 15:26:15] $fill
INFO [2025-07-11 15:26:15] c("#66c2a5", "#fc8d62", "#8da0cb")
INFO [2025-07-11 15:26:15] 
INFO [2025-07-11 15:26:15] $scaled
INFO [2025-07-11 15:26:15] [1] FALSE
INFO [2025-07-11 15:26:15] 
INFO [2025-07-11 15:26:15] $x
INFO [2025-07-11 15:26:15] term_lists
INFO [2025-07-11 15:26:15] 
INFO [2025-07-11 15:26:15] $filename
INFO [2025-07-11 15:26:15] NULL
INFO [2025-07-11 15:26:15] 
INFO [2025-07-11 15:26:15] $output
INFO [2025-07-11 15:26:15] [1] TRUE
INFO [2025-07-11 15:26:15] 
INFO [2025-07-11 15:26:15] $category.names
INFO [2025-07-11 15:26:15] c("cTWAS", "TWAS", "coloc")
INFO [2025-07-11 15:26:15] 
INFO [2025-07-11 15:26:15] $cat.cex
INFO [2025-07-11 15:26:15] [1] 1.5
INFO [2025-07-11 15:26:15] 
INFO [2025-07-11 15:26:15] $cex
INFO [2025-07-11 15:26:15] [1] 1.5
INFO [2025-07-11 15:26:15] 
INFO [2025-07-11 15:26:15] $print.mode
INFO [2025-07-11 15:26:15] [1] "raw"
INFO [2025-07-11 15:26:15] 
INFO [2025-07-11 15:26:15] $fill
INFO [2025-07-11 15:26:15] c("#66c2a5", "#fc8d62", "#8da0cb")
INFO [2025-07-11 15:26:15] 
INFO [2025-07-11 15:26:15] $scaled
INFO [2025-07-11 15:26:15] [1] FALSE
INFO [2025-07-11 15:26:15] 
INFO [2025-07-11 15:26:15] $x
INFO [2025-07-11 15:26:15] list(cTWAS = ctwas_genes, TWAS = twas_genes, coloc = coloc_genes)
INFO [2025-07-11 15:26:15] 
INFO [2025-07-11 15:26:15] $filename
INFO [2025-07-11 15:26:15] NULL
INFO [2025-07-11 15:26:15] 
INFO [2025-07-11 15:26:15] $output
INFO [2025-07-11 15:26:15] [1] TRUE
INFO [2025-07-11 15:26:15] 
INFO [2025-07-11 15:26:15] $category.names
INFO [2025-07-11 15:26:15] c("cTWAS", "TWAS", "coloc")
INFO [2025-07-11 15:26:15] 
INFO [2025-07-11 15:26:15] $cat.cex
INFO [2025-07-11 15:26:15] [1] 1.5
INFO [2025-07-11 15:26:15] 
INFO [2025-07-11 15:26:15] $cex
INFO [2025-07-11 15:26:15] [1] 1.5
INFO [2025-07-11 15:26:15] 
INFO [2025-07-11 15:26:15] $print.mode
INFO [2025-07-11 15:26:15] [1] "raw"
INFO [2025-07-11 15:26:15] 
INFO [2025-07-11 15:26:15] $fill
INFO [2025-07-11 15:26:15] c("#66c2a5", "#fc8d62", "#8da0cb")
INFO [2025-07-11 15:26:15] 
INFO [2025-07-11 15:26:15] $scaled
INFO [2025-07-11 15:26:15] [1] FALSE
INFO [2025-07-11 15:26:15] 
