INFO [2025-07-14 11:13:12] $x
INFO [2025-07-14 11:13:12] term_lists
INFO [2025-07-14 11:13:12] 
INFO [2025-07-14 11:13:12] $filename
INFO [2025-07-14 11:13:12] NULL
INFO [2025-07-14 11:13:12] 
INFO [2025-07-14 11:13:12] $output
INFO [2025-07-14 11:13:12] [1] TRUE
INFO [2025-07-14 11:13:12] 
INFO [2025-07-14 11:13:12] $category.names
INFO [2025-07-14 11:13:12] c("cTWAS", "TWAS", "coloc")
INFO [2025-07-14 11:13:12] 
INFO [2025-07-14 11:13:12] $cat.cex
INFO [2025-07-14 11:13:12] [1] 1.5
INFO [2025-07-14 11:13:12] 
INFO [2025-07-14 11:13:12] $cex
INFO [2025-07-14 11:13:12] [1] 1.5
INFO [2025-07-14 11:13:12] 
INFO [2025-07-14 11:13:12] $print.mode
INFO [2025-07-14 11:13:12] [1] "raw"
INFO [2025-07-14 11:13:12] 
INFO [2025-07-14 11:13:12] $fill
INFO [2025-07-14 11:13:12] c("#66c2a5", "#fc8d62", "#8da0cb")
INFO [2025-07-14 11:13:12] 
INFO [2025-07-14 11:13:12] $scaled
INFO [2025-07-14 11:13:12] [1] FALSE
INFO [2025-07-14 11:13:12] 
INFO [2025-07-14 11:13:12] $x
INFO [2025-07-14 11:13:12] list(cTWAS = ctwas_genes, TWAS = twas_genes, coloc = coloc_genes)
INFO [2025-07-14 11:13:12] 
INFO [2025-07-14 11:13:12] $filename
INFO [2025-07-14 11:13:12] NULL
INFO [2025-07-14 11:13:12] 
INFO [2025-07-14 11:13:12] $output
INFO [2025-07-14 11:13:12] [1] TRUE
INFO [2025-07-14 11:13:12] 
INFO [2025-07-14 11:13:12] $category.names
INFO [2025-07-14 11:13:12] c("cTWAS", "TWAS", "coloc")
INFO [2025-07-14 11:13:12] 
INFO [2025-07-14 11:13:12] $cat.cex
INFO [2025-07-14 11:13:12] [1] 1.5
INFO [2025-07-14 11:13:12] 
INFO [2025-07-14 11:13:12] $cex
INFO [2025-07-14 11:13:12] [1] 1.5
INFO [2025-07-14 11:13:12] 
INFO [2025-07-14 11:13:12] $print.mode
INFO [2025-07-14 11:13:12] [1] "raw"
INFO [2025-07-14 11:13:12] 
INFO [2025-07-14 11:13:12] $fill
INFO [2025-07-14 11:13:12] c("#66c2a5", "#fc8d62", "#8da0cb")
INFO [2025-07-14 11:13:12] 
INFO [2025-07-14 11:13:12] $scaled
INFO [2025-07-14 11:13:12] [1] FALSE
INFO [2025-07-14 11:13:12] 
INFO [2025-07-14 11:13:12] $x
INFO [2025-07-14 11:13:12] term_lists
INFO [2025-07-14 11:13:12] 
INFO [2025-07-14 11:13:12] $filename
INFO [2025-07-14 11:13:12] NULL
INFO [2025-07-14 11:13:12] 
INFO [2025-07-14 11:13:12] $output
INFO [2025-07-14 11:13:12] [1] TRUE
INFO [2025-07-14 11:13:12] 
INFO [2025-07-14 11:13:12] $category.names
INFO [2025-07-14 11:13:12] c("cTWAS", "TWAS", "coloc")
INFO [2025-07-14 11:13:12] 
INFO [2025-07-14 11:13:12] $cat.cex
INFO [2025-07-14 11:13:12] [1] 1.5
INFO [2025-07-14 11:13:12] 
INFO [2025-07-14 11:13:12] $cex
INFO [2025-07-14 11:13:12] [1] 1.5
INFO [2025-07-14 11:13:12] 
INFO [2025-07-14 11:13:12] $print.mode
INFO [2025-07-14 11:13:12] [1] "raw"
INFO [2025-07-14 11:13:12] 
INFO [2025-07-14 11:13:12] $fill
INFO [2025-07-14 11:13:12] c("#66c2a5", "#fc8d62", "#8da0cb")
INFO [2025-07-14 11:13:12] 
INFO [2025-07-14 11:13:12] $scaled
INFO [2025-07-14 11:13:12] [1] FALSE
INFO [2025-07-14 11:13:12] 
