INFO [2025-07-11 15:36:39] $x
INFO [2025-07-11 15:36:39] list(cTWAS = ctwas_genes, TWAS = twas_genes, coloc = coloc_genes)
INFO [2025-07-11 15:36:39] 
INFO [2025-07-11 15:36:39] $filename
INFO [2025-07-11 15:36:39] NULL
INFO [2025-07-11 15:36:39] 
INFO [2025-07-11 15:36:39] $output
INFO [2025-07-11 15:36:39] [1] TRUE
INFO [2025-07-11 15:36:39] 
INFO [2025-07-11 15:36:39] $category.names
INFO [2025-07-11 15:36:39] c("cTWAS", "TWAS", "coloc")
INFO [2025-07-11 15:36:39] 
INFO [2025-07-11 15:36:39] $cat.cex
INFO [2025-07-11 15:36:39] [1] 1.5
INFO [2025-07-11 15:36:39] 
INFO [2025-07-11 15:36:39] $cex
INFO [2025-07-11 15:36:39] [1] 1.5
INFO [2025-07-11 15:36:39] 
INFO [2025-07-11 15:36:39] $print.mode
INFO [2025-07-11 15:36:39] [1] "raw"
INFO [2025-07-11 15:36:39] 
INFO [2025-07-11 15:36:39] $fill
INFO [2025-07-11 15:36:39] c("#66c2a5", "#fc8d62", "#8da0cb")
INFO [2025-07-11 15:36:39] 
INFO [2025-07-11 15:36:39] $scaled
INFO [2025-07-11 15:36:39] [1] FALSE
INFO [2025-07-11 15:36:39] 
