INFO [2025-07-11 15:30:09] $x
INFO [2025-07-11 15:30:09] list(cTWAS = ctwas_genes, TWAS = twas_genes, coloc = coloc_genes)
INFO [2025-07-11 15:30:09] 
INFO [2025-07-11 15:30:09] $filename
INFO [2025-07-11 15:30:09] NULL
INFO [2025-07-11 15:30:09] 
INFO [2025-07-11 15:30:09] $output
INFO [2025-07-11 15:30:09] [1] TRUE
INFO [2025-07-11 15:30:09] 
INFO [2025-07-11 15:30:09] $category.names
INFO [2025-07-11 15:30:09] c("cTWAS", "TWAS", "coloc")
INFO [2025-07-11 15:30:09] 
INFO [2025-07-11 15:30:09] $cat.cex
INFO [2025-07-11 15:30:09] [1] 1.5
INFO [2025-07-11 15:30:09] 
INFO [2025-07-11 15:30:09] $cex
INFO [2025-07-11 15:30:09] [1] 1.5
INFO [2025-07-11 15:30:09] 
INFO [2025-07-11 15:30:09] $print.mode
INFO [2025-07-11 15:30:09] [1] "raw"
INFO [2025-07-11 15:30:09] 
INFO [2025-07-11 15:30:09] $fill
INFO [2025-07-11 15:30:09] c("#66c2a5", "#fc8d62", "#8da0cb")
INFO [2025-07-11 15:30:09] 
INFO [2025-07-11 15:30:09] $scaled
INFO [2025-07-11 15:30:09] [1] FALSE
INFO [2025-07-11 15:30:09] 
INFO [2025-07-11 15:30:09] $x
INFO [2025-07-11 15:30:09] term_lists
INFO [2025-07-11 15:30:09] 
INFO [2025-07-11 15:30:09] $filename
INFO [2025-07-11 15:30:09] NULL
INFO [2025-07-11 15:30:09] 
INFO [2025-07-11 15:30:09] $output
INFO [2025-07-11 15:30:09] [1] TRUE
INFO [2025-07-11 15:30:09] 
INFO [2025-07-11 15:30:09] $category.names
INFO [2025-07-11 15:30:09] c("cTWAS", "TWAS", "coloc")
INFO [2025-07-11 15:30:09] 
INFO [2025-07-11 15:30:09] $cat.cex
INFO [2025-07-11 15:30:09] [1] 1.5
INFO [2025-07-11 15:30:09] 
INFO [2025-07-11 15:30:09] $cex
INFO [2025-07-11 15:30:09] [1] 1.5
INFO [2025-07-11 15:30:09] 
INFO [2025-07-11 15:30:09] $print.mode
INFO [2025-07-11 15:30:09] [1] "raw"
INFO [2025-07-11 15:30:09] 
INFO [2025-07-11 15:30:09] $fill
INFO [2025-07-11 15:30:09] c("#66c2a5", "#fc8d62", "#8da0cb")
INFO [2025-07-11 15:30:09] 
INFO [2025-07-11 15:30:09] $scaled
INFO [2025-07-11 15:30:09] [1] FALSE
INFO [2025-07-11 15:30:09] 
