INFO [2025-07-14 12:18:24] $x
INFO [2025-07-14 12:18:24] list(cTWAS = ctwas_genes, TWAS = twas_genes, coloc = coloc_genes)
INFO [2025-07-14 12:18:24] 
INFO [2025-07-14 12:18:24] $filename
INFO [2025-07-14 12:18:24] NULL
INFO [2025-07-14 12:18:24] 
INFO [2025-07-14 12:18:24] $output
INFO [2025-07-14 12:18:24] [1] TRUE
INFO [2025-07-14 12:18:24] 
INFO [2025-07-14 12:18:24] $category.names
INFO [2025-07-14 12:18:24] c("cTWAS", "TWAS", "coloc")
INFO [2025-07-14 12:18:24] 
INFO [2025-07-14 12:18:24] $cat.cex
INFO [2025-07-14 12:18:24] [1] 1.5
INFO [2025-07-14 12:18:24] 
INFO [2025-07-14 12:18:24] $cex
INFO [2025-07-14 12:18:24] [1] 1.5
INFO [2025-07-14 12:18:24] 
INFO [2025-07-14 12:18:24] $print.mode
INFO [2025-07-14 12:18:24] [1] "raw"
INFO [2025-07-14 12:18:24] 
INFO [2025-07-14 12:18:24] $fill
INFO [2025-07-14 12:18:24] c("#66c2a5", "#fc8d62", "#8da0cb")
INFO [2025-07-14 12:18:24] 
INFO [2025-07-14 12:18:24] $scaled
INFO [2025-07-14 12:18:24] [1] FALSE
INFO [2025-07-14 12:18:24] 
INFO [2025-07-14 12:18:24] $x
INFO [2025-07-14 12:18:24] term_lists
INFO [2025-07-14 12:18:24] 
INFO [2025-07-14 12:18:24] $filename
INFO [2025-07-14 12:18:24] NULL
INFO [2025-07-14 12:18:24] 
INFO [2025-07-14 12:18:24] $output
INFO [2025-07-14 12:18:24] [1] TRUE
INFO [2025-07-14 12:18:24] 
INFO [2025-07-14 12:18:24] $category.names
INFO [2025-07-14 12:18:24] c("cTWAS", "TWAS", "coloc")
INFO [2025-07-14 12:18:24] 
INFO [2025-07-14 12:18:24] $cat.cex
INFO [2025-07-14 12:18:24] [1] 1.5
INFO [2025-07-14 12:18:24] 
INFO [2025-07-14 12:18:24] $cex
INFO [2025-07-14 12:18:24] [1] 1.5
INFO [2025-07-14 12:18:24] 
INFO [2025-07-14 12:18:24] $print.mode
INFO [2025-07-14 12:18:24] [1] "raw"
INFO [2025-07-14 12:18:24] 
INFO [2025-07-14 12:18:24] $fill
INFO [2025-07-14 12:18:24] c("#66c2a5", "#fc8d62", "#8da0cb")
INFO [2025-07-14 12:18:24] 
INFO [2025-07-14 12:18:24] $scaled
INFO [2025-07-14 12:18:24] [1] FALSE
INFO [2025-07-14 12:18:24] 
INFO [2025-07-14 12:18:24] $x
INFO [2025-07-14 12:18:24] list(cTWAS = ctwas_genes, TWAS = twas_genes, coloc = coloc_genes)
INFO [2025-07-14 12:18:24] 
INFO [2025-07-14 12:18:24] $filename
INFO [2025-07-14 12:18:24] NULL
INFO [2025-07-14 12:18:24] 
INFO [2025-07-14 12:18:24] $output
INFO [2025-07-14 12:18:24] [1] TRUE
INFO [2025-07-14 12:18:24] 
INFO [2025-07-14 12:18:24] $category.names
INFO [2025-07-14 12:18:24] c("cTWAS", "TWAS", "coloc")
INFO [2025-07-14 12:18:24] 
INFO [2025-07-14 12:18:24] $cat.cex
INFO [2025-07-14 12:18:24] [1] 1.5
INFO [2025-07-14 12:18:24] 
INFO [2025-07-14 12:18:24] $cex
INFO [2025-07-14 12:18:24] [1] 1.5
INFO [2025-07-14 12:18:24] 
INFO [2025-07-14 12:18:24] $print.mode
INFO [2025-07-14 12:18:24] [1] "raw"
INFO [2025-07-14 12:18:24] 
INFO [2025-07-14 12:18:24] $fill
INFO [2025-07-14 12:18:24] c("#66c2a5", "#fc8d62", "#8da0cb")
INFO [2025-07-14 12:18:24] 
INFO [2025-07-14 12:18:24] $scaled
INFO [2025-07-14 12:18:24] [1] FALSE
INFO [2025-07-14 12:18:24] 
INFO [2025-07-14 12:18:24] $x
INFO [2025-07-14 12:18:24] term_lists
INFO [2025-07-14 12:18:24] 
INFO [2025-07-14 12:18:24] $filename
INFO [2025-07-14 12:18:24] NULL
INFO [2025-07-14 12:18:24] 
INFO [2025-07-14 12:18:24] $output
INFO [2025-07-14 12:18:24] [1] TRUE
INFO [2025-07-14 12:18:24] 
INFO [2025-07-14 12:18:24] $category.names
INFO [2025-07-14 12:18:24] c("cTWAS", "TWAS", "coloc")
INFO [2025-07-14 12:18:24] 
INFO [2025-07-14 12:18:24] $cat.cex
INFO [2025-07-14 12:18:24] [1] 1.5
INFO [2025-07-14 12:18:24] 
INFO [2025-07-14 12:18:24] $cex
INFO [2025-07-14 12:18:24] [1] 1.5
INFO [2025-07-14 12:18:24] 
INFO [2025-07-14 12:18:24] $print.mode
INFO [2025-07-14 12:18:24] [1] "raw"
INFO [2025-07-14 12:18:24] 
INFO [2025-07-14 12:18:24] $fill
INFO [2025-07-14 12:18:24] c("#66c2a5", "#fc8d62", "#8da0cb")
INFO [2025-07-14 12:18:24] 
INFO [2025-07-14 12:18:24] $scaled
INFO [2025-07-14 12:18:24] [1] FALSE
INFO [2025-07-14 12:18:24] 
INFO [2025-07-14 12:18:24] $x
INFO [2025-07-14 12:18:24] list(cTWAS = ctwas_genes, TWAS = twas_genes, coloc = coloc_genes)
INFO [2025-07-14 12:18:24] 
INFO [2025-07-14 12:18:24] $filename
INFO [2025-07-14 12:18:24] NULL
INFO [2025-07-14 12:18:24] 
INFO [2025-07-14 12:18:24] $output
INFO [2025-07-14 12:18:24] [1] TRUE
INFO [2025-07-14 12:18:24] 
INFO [2025-07-14 12:18:24] $category.names
INFO [2025-07-14 12:18:24] c("cTWAS", "TWAS", "coloc")
INFO [2025-07-14 12:18:24] 
INFO [2025-07-14 12:18:24] $cat.cex
INFO [2025-07-14 12:18:24] [1] 1.5
INFO [2025-07-14 12:18:24] 
INFO [2025-07-14 12:18:24] $cex
INFO [2025-07-14 12:18:24] [1] 1.5
INFO [2025-07-14 12:18:24] 
INFO [2025-07-14 12:18:24] $print.mode
INFO [2025-07-14 12:18:24] [1] "raw"
INFO [2025-07-14 12:18:24] 
INFO [2025-07-14 12:18:24] $fill
INFO [2025-07-14 12:18:24] c("#66c2a5", "#fc8d62", "#8da0cb")
INFO [2025-07-14 12:18:24] 
INFO [2025-07-14 12:18:24] $scaled
INFO [2025-07-14 12:18:24] [1] FALSE
INFO [2025-07-14 12:18:24] 
INFO [2025-07-14 12:18:24] $x
INFO [2025-07-14 12:18:24] term_lists
INFO [2025-07-14 12:18:24] 
INFO [2025-07-14 12:18:24] $filename
INFO [2025-07-14 12:18:24] NULL
INFO [2025-07-14 12:18:24] 
INFO [2025-07-14 12:18:24] $output
INFO [2025-07-14 12:18:24] [1] TRUE
INFO [2025-07-14 12:18:24] 
INFO [2025-07-14 12:18:24] $category.names
INFO [2025-07-14 12:18:24] c("cTWAS", "TWAS", "coloc")
INFO [2025-07-14 12:18:24] 
INFO [2025-07-14 12:18:24] $cat.cex
INFO [2025-07-14 12:18:24] [1] 1.5
INFO [2025-07-14 12:18:24] 
INFO [2025-07-14 12:18:24] $cex
INFO [2025-07-14 12:18:24] [1] 1.5
INFO [2025-07-14 12:18:24] 
INFO [2025-07-14 12:18:24] $print.mode
INFO [2025-07-14 12:18:24] [1] "raw"
INFO [2025-07-14 12:18:24] 
INFO [2025-07-14 12:18:24] $fill
INFO [2025-07-14 12:18:24] c("#66c2a5", "#fc8d62", "#8da0cb")
INFO [2025-07-14 12:18:24] 
INFO [2025-07-14 12:18:24] $scaled
INFO [2025-07-14 12:18:24] [1] FALSE
INFO [2025-07-14 12:18:24] 
