INFO [2025-02-06 21:54:01] $x
INFO [2025-02-06 21:54:01] list(Group1 = combined_pip_sig_multi$gene_name, Group2 = combined_pip_sig_multi_samevar$gene_name, 
INFO [2025-02-06 21:54:01]     Group3 = combined_pip_sig_multi_L5$gene_name, Group4 = combined_pip_sig_multi_samevar_L5$gene_name)
INFO [2025-02-06 21:54:01] 
INFO [2025-02-06 21:54:01] $filename
INFO [2025-02-06 21:54:01] NULL
INFO [2025-02-06 21:54:01] 
INFO [2025-02-06 21:54:01] $output
INFO [2025-02-06 21:54:01] [1] FALSE
INFO [2025-02-06 21:54:01] 
INFO [2025-02-06 21:54:01] $fill
INFO [2025-02-06 21:54:01] c("skyblue", "pink", "lightgreen", "yellow")
INFO [2025-02-06 21:54:01] 
INFO [2025-02-06 21:54:01] $alpha
INFO [2025-02-06 21:54:01] [1] 0.5
INFO [2025-02-06 21:54:01] 
INFO [2025-02-06 21:54:01] $category.names
INFO [2025-02-06 21:54:01] c("share_type,preL", "share_all,preL", "share_type,L=5", "share_all,L=5")
INFO [2025-02-06 21:54:01] 
INFO [2025-02-06 21:54:01] $main
INFO [2025-02-06 21:54:01] [1] "Combined PIP > 0.8, LDL"
INFO [2025-02-06 21:54:01] 
