INFO [2025-07-11 15:35:03] $x
INFO [2025-07-11 15:35:03] list(cTWAS = ctwas_genes, TWAS = twas_genes, coloc = coloc_genes)
INFO [2025-07-11 15:35:03] 
INFO [2025-07-11 15:35:03] $filename
INFO [2025-07-11 15:35:03] NULL
INFO [2025-07-11 15:35:03] 
INFO [2025-07-11 15:35:03] $output
INFO [2025-07-11 15:35:03] [1] TRUE
INFO [2025-07-11 15:35:03] 
INFO [2025-07-11 15:35:03] $category.names
INFO [2025-07-11 15:35:03] c("cTWAS", "TWAS", "coloc")
INFO [2025-07-11 15:35:03] 
INFO [2025-07-11 15:35:03] $cat.cex
INFO [2025-07-11 15:35:03] [1] 1.5
INFO [2025-07-11 15:35:03] 
INFO [2025-07-11 15:35:03] $cex
INFO [2025-07-11 15:35:03] [1] 1.5
INFO [2025-07-11 15:35:03] 
INFO [2025-07-11 15:35:03] $print.mode
INFO [2025-07-11 15:35:03] [1] "raw"
INFO [2025-07-11 15:35:03] 
INFO [2025-07-11 15:35:03] $fill
INFO [2025-07-11 15:35:03] c("#66c2a5", "#fc8d62", "#8da0cb")
INFO [2025-07-11 15:35:03] 
INFO [2025-07-11 15:35:03] $scaled
INFO [2025-07-11 15:35:03] [1] FALSE
INFO [2025-07-11 15:35:03] 
