INFO [2025-07-11 15:30:07] $x
INFO [2025-07-11 15:30:07] list(cTWAS = ctwas_genes, TWAS = twas_genes, coloc = coloc_genes)
INFO [2025-07-11 15:30:07] 
INFO [2025-07-11 15:30:07] $filename
INFO [2025-07-11 15:30:07] NULL
INFO [2025-07-11 15:30:07] 
INFO [2025-07-11 15:30:07] $output
INFO [2025-07-11 15:30:07] [1] TRUE
INFO [2025-07-11 15:30:07] 
INFO [2025-07-11 15:30:07] $category.names
INFO [2025-07-11 15:30:07] c("cTWAS", "TWAS", "coloc")
INFO [2025-07-11 15:30:07] 
INFO [2025-07-11 15:30:07] $cat.cex
INFO [2025-07-11 15:30:07] [1] 1.5
INFO [2025-07-11 15:30:07] 
INFO [2025-07-11 15:30:07] $cex
INFO [2025-07-11 15:30:07] [1] 1.5
INFO [2025-07-11 15:30:07] 
INFO [2025-07-11 15:30:07] $print.mode
INFO [2025-07-11 15:30:07] [1] "raw"
INFO [2025-07-11 15:30:07] 
INFO [2025-07-11 15:30:07] $fill
INFO [2025-07-11 15:30:07] c("#66c2a5", "#fc8d62", "#8da0cb")
INFO [2025-07-11 15:30:07] 
INFO [2025-07-11 15:30:07] $scaled
INFO [2025-07-11 15:30:07] [1] FALSE
INFO [2025-07-11 15:30:07] 
INFO [2025-07-11 15:30:07] $x
INFO [2025-07-11 15:30:07] term_lists
INFO [2025-07-11 15:30:07] 
INFO [2025-07-11 15:30:07] $filename
INFO [2025-07-11 15:30:07] NULL
INFO [2025-07-11 15:30:07] 
INFO [2025-07-11 15:30:07] $output
INFO [2025-07-11 15:30:07] [1] TRUE
INFO [2025-07-11 15:30:07] 
INFO [2025-07-11 15:30:07] $category.names
INFO [2025-07-11 15:30:07] c("cTWAS", "TWAS", "coloc")
INFO [2025-07-11 15:30:07] 
INFO [2025-07-11 15:30:07] $cat.cex
INFO [2025-07-11 15:30:07] [1] 1.5
INFO [2025-07-11 15:30:07] 
INFO [2025-07-11 15:30:07] $cex
INFO [2025-07-11 15:30:07] [1] 1.5
INFO [2025-07-11 15:30:07] 
INFO [2025-07-11 15:30:07] $print.mode
INFO [2025-07-11 15:30:07] [1] "raw"
INFO [2025-07-11 15:30:07] 
INFO [2025-07-11 15:30:07] $fill
INFO [2025-07-11 15:30:07] c("#66c2a5", "#fc8d62", "#8da0cb")
INFO [2025-07-11 15:30:07] 
INFO [2025-07-11 15:30:07] $scaled
INFO [2025-07-11 15:30:07] [1] FALSE
INFO [2025-07-11 15:30:07] 
INFO [2025-07-11 15:30:07] $x
INFO [2025-07-11 15:30:07] list(cTWAS = ctwas_genes, TWAS = twas_genes, coloc = coloc_genes)
INFO [2025-07-11 15:30:07] 
INFO [2025-07-11 15:30:07] $filename
INFO [2025-07-11 15:30:07] NULL
INFO [2025-07-11 15:30:07] 
INFO [2025-07-11 15:30:07] $output
INFO [2025-07-11 15:30:07] [1] TRUE
INFO [2025-07-11 15:30:07] 
INFO [2025-07-11 15:30:07] $category.names
INFO [2025-07-11 15:30:07] c("cTWAS", "TWAS", "coloc")
INFO [2025-07-11 15:30:07] 
INFO [2025-07-11 15:30:07] $cat.cex
INFO [2025-07-11 15:30:07] [1] 1.5
INFO [2025-07-11 15:30:07] 
INFO [2025-07-11 15:30:07] $cex
INFO [2025-07-11 15:30:07] [1] 1.5
INFO [2025-07-11 15:30:07] 
INFO [2025-07-11 15:30:07] $print.mode
INFO [2025-07-11 15:30:07] [1] "raw"
INFO [2025-07-11 15:30:07] 
INFO [2025-07-11 15:30:07] $fill
INFO [2025-07-11 15:30:07] c("#66c2a5", "#fc8d62", "#8da0cb")
INFO [2025-07-11 15:30:07] 
INFO [2025-07-11 15:30:07] $scaled
INFO [2025-07-11 15:30:07] [1] FALSE
INFO [2025-07-11 15:30:07] 
