INFO [2024-11-25 14:21:32] $x
INFO [2024-11-25 14:21:32] list(set1, set2)
INFO [2024-11-25 14:21:32] 
INFO [2024-11-25 14:21:32] $category.names
INFO [2024-11-25 14:21:32] c("meQTL alone", "meQTL + eQTL")
INFO [2024-11-25 14:21:32] 
INFO [2024-11-25 14:21:32] $filename
INFO [2024-11-25 14:21:32] NULL
INFO [2024-11-25 14:21:32] 
INFO [2024-11-25 14:21:32] $lwd
INFO [2024-11-25 14:21:32] [1] 2
INFO [2024-11-25 14:21:32] 
INFO [2024-11-25 14:21:32] $lty
INFO [2024-11-25 14:21:32] [1] "blank"
INFO [2024-11-25 14:21:32] 
INFO [2024-11-25 14:21:32] $fill
INFO [2024-11-25 14:21:32] c("#87CEFA", "#fb8072")
INFO [2024-11-25 14:21:32] 
INFO [2024-11-25 14:21:32] $x
INFO [2024-11-25 14:21:32] list(set1, set2)
INFO [2024-11-25 14:21:32] 
INFO [2024-11-25 14:21:32] $category.names
INFO [2024-11-25 14:21:32] c("eQTL alone", "meQTL + eQTL")
INFO [2024-11-25 14:21:32] 
INFO [2024-11-25 14:21:32] $filename
INFO [2024-11-25 14:21:32] NULL
INFO [2024-11-25 14:21:32] 
INFO [2024-11-25 14:21:32] $lwd
INFO [2024-11-25 14:21:32] [1] 2
INFO [2024-11-25 14:21:32] 
INFO [2024-11-25 14:21:32] $lty
INFO [2024-11-25 14:21:32] [1] "blank"
INFO [2024-11-25 14:21:32] 
INFO [2024-11-25 14:21:32] $fill
INFO [2024-11-25 14:21:32] c("#87CEFA", "#fb8072")
INFO [2024-11-25 14:21:32] 
