INFO [2025-07-11 15:28:18] $x
INFO [2025-07-11 15:28:18] list(cTWAS = ctwas_genes, TWAS = twas_genes, coloc = coloc_genes)
INFO [2025-07-11 15:28:18] 
INFO [2025-07-11 15:28:18] $filename
INFO [2025-07-11 15:28:18] NULL
INFO [2025-07-11 15:28:18] 
INFO [2025-07-11 15:28:18] $output
INFO [2025-07-11 15:28:18] [1] TRUE
INFO [2025-07-11 15:28:18] 
INFO [2025-07-11 15:28:18] $category.names
INFO [2025-07-11 15:28:18] c("cTWAS", "TWAS", "coloc")
INFO [2025-07-11 15:28:18] 
INFO [2025-07-11 15:28:18] $cat.cex
INFO [2025-07-11 15:28:18] [1] 1.5
INFO [2025-07-11 15:28:18] 
INFO [2025-07-11 15:28:18] $cex
INFO [2025-07-11 15:28:18] [1] 1.5
INFO [2025-07-11 15:28:18] 
INFO [2025-07-11 15:28:18] $print.mode
INFO [2025-07-11 15:28:18] [1] "raw"
INFO [2025-07-11 15:28:18] 
INFO [2025-07-11 15:28:18] $fill
INFO [2025-07-11 15:28:18] c("#66c2a5", "#fc8d62", "#8da0cb")
INFO [2025-07-11 15:28:18] 
INFO [2025-07-11 15:28:18] $scaled
INFO [2025-07-11 15:28:18] [1] FALSE
INFO [2025-07-11 15:28:18] 
INFO [2025-07-11 15:28:18] $x
INFO [2025-07-11 15:28:18] term_lists
INFO [2025-07-11 15:28:18] 
INFO [2025-07-11 15:28:18] $filename
INFO [2025-07-11 15:28:18] NULL
INFO [2025-07-11 15:28:18] 
INFO [2025-07-11 15:28:18] $output
INFO [2025-07-11 15:28:18] [1] TRUE
INFO [2025-07-11 15:28:18] 
INFO [2025-07-11 15:28:18] $category.names
INFO [2025-07-11 15:28:18] c("cTWAS", "TWAS", "coloc")
INFO [2025-07-11 15:28:18] 
INFO [2025-07-11 15:28:18] $cat.cex
INFO [2025-07-11 15:28:18] [1] 1.5
INFO [2025-07-11 15:28:18] 
INFO [2025-07-11 15:28:18] $cex
INFO [2025-07-11 15:28:18] [1] 1.5
INFO [2025-07-11 15:28:18] 
INFO [2025-07-11 15:28:18] $print.mode
INFO [2025-07-11 15:28:18] [1] "raw"
INFO [2025-07-11 15:28:18] 
INFO [2025-07-11 15:28:18] $fill
INFO [2025-07-11 15:28:18] c("#66c2a5", "#fc8d62", "#8da0cb")
INFO [2025-07-11 15:28:18] 
INFO [2025-07-11 15:28:18] $scaled
INFO [2025-07-11 15:28:18] [1] FALSE
INFO [2025-07-11 15:28:18] 
INFO [2025-07-11 15:28:18] $x
INFO [2025-07-11 15:28:18] list(cTWAS = ctwas_genes, TWAS = twas_genes, coloc = coloc_genes)
INFO [2025-07-11 15:28:18] 
INFO [2025-07-11 15:28:18] $filename
INFO [2025-07-11 15:28:18] NULL
INFO [2025-07-11 15:28:18] 
INFO [2025-07-11 15:28:18] $output
INFO [2025-07-11 15:28:18] [1] TRUE
INFO [2025-07-11 15:28:18] 
INFO [2025-07-11 15:28:18] $category.names
INFO [2025-07-11 15:28:18] c("cTWAS", "TWAS", "coloc")
INFO [2025-07-11 15:28:18] 
INFO [2025-07-11 15:28:18] $cat.cex
INFO [2025-07-11 15:28:18] [1] 1.5
INFO [2025-07-11 15:28:18] 
INFO [2025-07-11 15:28:18] $cex
INFO [2025-07-11 15:28:18] [1] 1.5
INFO [2025-07-11 15:28:18] 
INFO [2025-07-11 15:28:18] $print.mode
INFO [2025-07-11 15:28:18] [1] "raw"
INFO [2025-07-11 15:28:18] 
INFO [2025-07-11 15:28:18] $fill
INFO [2025-07-11 15:28:18] c("#66c2a5", "#fc8d62", "#8da0cb")
INFO [2025-07-11 15:28:18] 
INFO [2025-07-11 15:28:18] $scaled
INFO [2025-07-11 15:28:18] [1] FALSE
INFO [2025-07-11 15:28:18] 
INFO [2025-07-11 15:28:18] $x
INFO [2025-07-11 15:28:18] term_lists
INFO [2025-07-11 15:28:18] 
INFO [2025-07-11 15:28:18] $filename
INFO [2025-07-11 15:28:18] NULL
INFO [2025-07-11 15:28:18] 
INFO [2025-07-11 15:28:18] $output
INFO [2025-07-11 15:28:18] [1] TRUE
INFO [2025-07-11 15:28:18] 
INFO [2025-07-11 15:28:18] $category.names
INFO [2025-07-11 15:28:18] c("cTWAS", "TWAS", "coloc")
INFO [2025-07-11 15:28:18] 
INFO [2025-07-11 15:28:18] $cat.cex
INFO [2025-07-11 15:28:18] [1] 1.5
INFO [2025-07-11 15:28:18] 
INFO [2025-07-11 15:28:18] $cex
INFO [2025-07-11 15:28:18] [1] 1.5
INFO [2025-07-11 15:28:18] 
INFO [2025-07-11 15:28:18] $print.mode
INFO [2025-07-11 15:28:18] [1] "raw"
INFO [2025-07-11 15:28:18] 
INFO [2025-07-11 15:28:18] $fill
INFO [2025-07-11 15:28:18] c("#66c2a5", "#fc8d62", "#8da0cb")
INFO [2025-07-11 15:28:18] 
INFO [2025-07-11 15:28:18] $scaled
INFO [2025-07-11 15:28:18] [1] FALSE
INFO [2025-07-11 15:28:18] 
INFO [2025-07-11 15:28:18] $x
INFO [2025-07-11 15:28:18] list(cTWAS = ctwas_genes, TWAS = twas_genes, coloc = coloc_genes)
INFO [2025-07-11 15:28:18] 
INFO [2025-07-11 15:28:18] $filename
INFO [2025-07-11 15:28:18] NULL
INFO [2025-07-11 15:28:18] 
INFO [2025-07-11 15:28:18] $output
INFO [2025-07-11 15:28:18] [1] TRUE
INFO [2025-07-11 15:28:18] 
INFO [2025-07-11 15:28:18] $category.names
INFO [2025-07-11 15:28:18] c("cTWAS", "TWAS", "coloc")
INFO [2025-07-11 15:28:18] 
INFO [2025-07-11 15:28:18] $cat.cex
INFO [2025-07-11 15:28:18] [1] 1.5
INFO [2025-07-11 15:28:18] 
INFO [2025-07-11 15:28:18] $cex
INFO [2025-07-11 15:28:18] [1] 1.5
INFO [2025-07-11 15:28:18] 
INFO [2025-07-11 15:28:18] $print.mode
INFO [2025-07-11 15:28:18] [1] "raw"
INFO [2025-07-11 15:28:18] 
INFO [2025-07-11 15:28:18] $fill
INFO [2025-07-11 15:28:18] c("#66c2a5", "#fc8d62", "#8da0cb")
INFO [2025-07-11 15:28:18] 
INFO [2025-07-11 15:28:18] $scaled
INFO [2025-07-11 15:28:18] [1] FALSE
INFO [2025-07-11 15:28:18] 
INFO [2025-07-11 15:28:18] $x
INFO [2025-07-11 15:28:18] term_lists
INFO [2025-07-11 15:28:18] 
INFO [2025-07-11 15:28:18] $filename
INFO [2025-07-11 15:28:18] NULL
INFO [2025-07-11 15:28:18] 
INFO [2025-07-11 15:28:18] $output
INFO [2025-07-11 15:28:18] [1] TRUE
INFO [2025-07-11 15:28:18] 
INFO [2025-07-11 15:28:18] $category.names
INFO [2025-07-11 15:28:18] c("cTWAS", "TWAS", "coloc")
INFO [2025-07-11 15:28:18] 
INFO [2025-07-11 15:28:18] $cat.cex
INFO [2025-07-11 15:28:18] [1] 1.5
INFO [2025-07-11 15:28:18] 
INFO [2025-07-11 15:28:18] $cex
INFO [2025-07-11 15:28:18] [1] 1.5
INFO [2025-07-11 15:28:18] 
INFO [2025-07-11 15:28:18] $print.mode
INFO [2025-07-11 15:28:18] [1] "raw"
INFO [2025-07-11 15:28:18] 
INFO [2025-07-11 15:28:18] $fill
INFO [2025-07-11 15:28:18] c("#66c2a5", "#fc8d62", "#8da0cb")
INFO [2025-07-11 15:28:18] 
INFO [2025-07-11 15:28:18] $scaled
INFO [2025-07-11 15:28:18] [1] FALSE
INFO [2025-07-11 15:28:18] 
