INFO [2025-07-14 11:35:47] $x
INFO [2025-07-14 11:35:47] list(cTWAS = ctwas_genes, TWAS = twas_genes, coloc = coloc_genes)
INFO [2025-07-14 11:35:47] 
INFO [2025-07-14 11:35:47] $filename
INFO [2025-07-14 11:35:47] NULL
INFO [2025-07-14 11:35:47] 
INFO [2025-07-14 11:35:47] $output
INFO [2025-07-14 11:35:47] [1] TRUE
INFO [2025-07-14 11:35:47] 
INFO [2025-07-14 11:35:47] $category.names
INFO [2025-07-14 11:35:47] c("cTWAS", "TWAS", "coloc")
INFO [2025-07-14 11:35:47] 
INFO [2025-07-14 11:35:47] $cat.cex
INFO [2025-07-14 11:35:47] [1] 1.5
INFO [2025-07-14 11:35:47] 
INFO [2025-07-14 11:35:47] $cex
INFO [2025-07-14 11:35:47] [1] 1.5
INFO [2025-07-14 11:35:47] 
INFO [2025-07-14 11:35:47] $print.mode
INFO [2025-07-14 11:35:47] [1] "raw"
INFO [2025-07-14 11:35:47] 
INFO [2025-07-14 11:35:47] $fill
INFO [2025-07-14 11:35:47] c("#66c2a5", "#fc8d62", "#8da0cb")
INFO [2025-07-14 11:35:47] 
INFO [2025-07-14 11:35:47] $scaled
INFO [2025-07-14 11:35:47] [1] FALSE
INFO [2025-07-14 11:35:47] 
