INFO [2025-07-14 11:34:53] $x
INFO [2025-07-14 11:34:53] list(cTWAS = ctwas_genes, TWAS = twas_genes, coloc = coloc_genes)
INFO [2025-07-14 11:34:53] 
INFO [2025-07-14 11:34:53] $filename
INFO [2025-07-14 11:34:53] NULL
INFO [2025-07-14 11:34:53] 
INFO [2025-07-14 11:34:53] $output
INFO [2025-07-14 11:34:53] [1] TRUE
INFO [2025-07-14 11:34:53] 
INFO [2025-07-14 11:34:53] $category.names
INFO [2025-07-14 11:34:53] c("cTWAS", "TWAS", "coloc")
INFO [2025-07-14 11:34:53] 
INFO [2025-07-14 11:34:53] $cat.cex
INFO [2025-07-14 11:34:53] [1] 1.5
INFO [2025-07-14 11:34:53] 
INFO [2025-07-14 11:34:53] $cex
INFO [2025-07-14 11:34:53] [1] 1.5
INFO [2025-07-14 11:34:53] 
INFO [2025-07-14 11:34:53] $print.mode
INFO [2025-07-14 11:34:53] [1] "raw"
INFO [2025-07-14 11:34:53] 
INFO [2025-07-14 11:34:53] $fill
INFO [2025-07-14 11:34:53] c("#66c2a5", "#fc8d62", "#8da0cb")
INFO [2025-07-14 11:34:53] 
INFO [2025-07-14 11:34:53] $scaled
INFO [2025-07-14 11:34:53] [1] FALSE
INFO [2025-07-14 11:34:53] 
