INFO [2025-07-11 15:36:30] $x
INFO [2025-07-11 15:36:30] term_lists
INFO [2025-07-11 15:36:30] 
INFO [2025-07-11 15:36:30] $filename
INFO [2025-07-11 15:36:30] NULL
INFO [2025-07-11 15:36:30] 
INFO [2025-07-11 15:36:30] $output
INFO [2025-07-11 15:36:30] [1] TRUE
INFO [2025-07-11 15:36:30] 
INFO [2025-07-11 15:36:30] $category.names
INFO [2025-07-11 15:36:30] c("cTWAS", "TWAS", "coloc")
INFO [2025-07-11 15:36:30] 
INFO [2025-07-11 15:36:30] $cat.cex
INFO [2025-07-11 15:36:30] [1] 1.5
INFO [2025-07-11 15:36:30] 
INFO [2025-07-11 15:36:30] $cex
INFO [2025-07-11 15:36:30] [1] 1.5
INFO [2025-07-11 15:36:30] 
INFO [2025-07-11 15:36:30] $print.mode
INFO [2025-07-11 15:36:30] [1] "raw"
INFO [2025-07-11 15:36:30] 
INFO [2025-07-11 15:36:30] $fill
INFO [2025-07-11 15:36:30] c("#66c2a5", "#fc8d62", "#8da0cb")
INFO [2025-07-11 15:36:30] 
INFO [2025-07-11 15:36:30] $scaled
INFO [2025-07-11 15:36:30] [1] FALSE
INFO [2025-07-11 15:36:30] 
