INFO [2024-11-25 11:53:53] $x
INFO [2024-11-25 11:53:53] list(set1, set2)
INFO [2024-11-25 11:53:53] 
INFO [2024-11-25 11:53:53] $category.names
INFO [2024-11-25 11:53:53] c("meQTL alone", "meQTL + eQTL")
INFO [2024-11-25 11:53:53] 
INFO [2024-11-25 11:53:53] $filename
INFO [2024-11-25 11:53:53] NULL
INFO [2024-11-25 11:53:53] 
INFO [2024-11-25 11:53:53] $lwd
INFO [2024-11-25 11:53:53] [1] 2
INFO [2024-11-25 11:53:53] 
INFO [2024-11-25 11:53:53] $lty
INFO [2024-11-25 11:53:53] [1] "blank"
INFO [2024-11-25 11:53:53] 
INFO [2024-11-25 11:53:53] $fill
INFO [2024-11-25 11:53:53] c("#87CEFA", "#fb8072")
INFO [2024-11-25 11:53:53] 
INFO [2024-11-25 11:53:53] $x
INFO [2024-11-25 11:53:53] list(set1, set2)
INFO [2024-11-25 11:53:53] 
INFO [2024-11-25 11:53:53] $category.names
INFO [2024-11-25 11:53:53] c("eQTL alone", "meQTL + eQTL")
INFO [2024-11-25 11:53:53] 
INFO [2024-11-25 11:53:53] $filename
INFO [2024-11-25 11:53:53] NULL
INFO [2024-11-25 11:53:53] 
INFO [2024-11-25 11:53:53] $lwd
INFO [2024-11-25 11:53:53] [1] 2
INFO [2024-11-25 11:53:53] 
INFO [2024-11-25 11:53:53] $lty
INFO [2024-11-25 11:53:53] [1] "blank"
INFO [2024-11-25 11:53:53] 
INFO [2024-11-25 11:53:53] $fill
INFO [2024-11-25 11:53:53] c("#87CEFA", "#fb8072")
INFO [2024-11-25 11:53:53] 
