INFO [2025-07-14 12:18:22] $x
INFO [2025-07-14 12:18:22] list(cTWAS = ctwas_genes, TWAS = twas_genes, coloc = coloc_genes)
INFO [2025-07-14 12:18:22] 
INFO [2025-07-14 12:18:22] $filename
INFO [2025-07-14 12:18:22] NULL
INFO [2025-07-14 12:18:22] 
INFO [2025-07-14 12:18:22] $output
INFO [2025-07-14 12:18:22] [1] TRUE
INFO [2025-07-14 12:18:22] 
INFO [2025-07-14 12:18:22] $category.names
INFO [2025-07-14 12:18:22] c("cTWAS", "TWAS", "coloc")
INFO [2025-07-14 12:18:22] 
INFO [2025-07-14 12:18:22] $cat.cex
INFO [2025-07-14 12:18:22] [1] 1.5
INFO [2025-07-14 12:18:22] 
INFO [2025-07-14 12:18:22] $cex
INFO [2025-07-14 12:18:22] [1] 1.5
INFO [2025-07-14 12:18:22] 
INFO [2025-07-14 12:18:22] $print.mode
INFO [2025-07-14 12:18:22] [1] "raw"
INFO [2025-07-14 12:18:22] 
INFO [2025-07-14 12:18:22] $fill
INFO [2025-07-14 12:18:22] c("#66c2a5", "#fc8d62", "#8da0cb")
INFO [2025-07-14 12:18:22] 
INFO [2025-07-14 12:18:22] $scaled
INFO [2025-07-14 12:18:22] [1] FALSE
INFO [2025-07-14 12:18:22] 
INFO [2025-07-14 12:18:22] $x
INFO [2025-07-14 12:18:22] term_lists
INFO [2025-07-14 12:18:22] 
INFO [2025-07-14 12:18:22] $filename
INFO [2025-07-14 12:18:22] NULL
INFO [2025-07-14 12:18:22] 
INFO [2025-07-14 12:18:22] $output
INFO [2025-07-14 12:18:22] [1] TRUE
INFO [2025-07-14 12:18:22] 
INFO [2025-07-14 12:18:22] $category.names
INFO [2025-07-14 12:18:22] c("cTWAS", "TWAS", "coloc")
INFO [2025-07-14 12:18:22] 
INFO [2025-07-14 12:18:22] $cat.cex
INFO [2025-07-14 12:18:22] [1] 1.5
INFO [2025-07-14 12:18:22] 
INFO [2025-07-14 12:18:22] $cex
INFO [2025-07-14 12:18:22] [1] 1.5
INFO [2025-07-14 12:18:22] 
INFO [2025-07-14 12:18:22] $print.mode
INFO [2025-07-14 12:18:22] [1] "raw"
INFO [2025-07-14 12:18:22] 
INFO [2025-07-14 12:18:22] $fill
INFO [2025-07-14 12:18:22] c("#66c2a5", "#fc8d62", "#8da0cb")
INFO [2025-07-14 12:18:22] 
INFO [2025-07-14 12:18:22] $scaled
INFO [2025-07-14 12:18:22] [1] FALSE
INFO [2025-07-14 12:18:22] 
INFO [2025-07-14 12:18:22] $x
INFO [2025-07-14 12:18:22] list(cTWAS = ctwas_genes, TWAS = twas_genes, coloc = coloc_genes)
INFO [2025-07-14 12:18:22] 
INFO [2025-07-14 12:18:22] $filename
INFO [2025-07-14 12:18:22] NULL
INFO [2025-07-14 12:18:22] 
INFO [2025-07-14 12:18:22] $output
INFO [2025-07-14 12:18:22] [1] TRUE
INFO [2025-07-14 12:18:22] 
INFO [2025-07-14 12:18:22] $category.names
INFO [2025-07-14 12:18:22] c("cTWAS", "TWAS", "coloc")
INFO [2025-07-14 12:18:22] 
INFO [2025-07-14 12:18:22] $cat.cex
INFO [2025-07-14 12:18:22] [1] 1.5
INFO [2025-07-14 12:18:22] 
INFO [2025-07-14 12:18:22] $cex
INFO [2025-07-14 12:18:22] [1] 1.5
INFO [2025-07-14 12:18:22] 
INFO [2025-07-14 12:18:22] $print.mode
INFO [2025-07-14 12:18:22] [1] "raw"
INFO [2025-07-14 12:18:22] 
INFO [2025-07-14 12:18:22] $fill
INFO [2025-07-14 12:18:22] c("#66c2a5", "#fc8d62", "#8da0cb")
INFO [2025-07-14 12:18:22] 
INFO [2025-07-14 12:18:22] $scaled
INFO [2025-07-14 12:18:22] [1] FALSE
INFO [2025-07-14 12:18:22] 
INFO [2025-07-14 12:18:22] $x
INFO [2025-07-14 12:18:22] term_lists
INFO [2025-07-14 12:18:22] 
INFO [2025-07-14 12:18:22] $filename
INFO [2025-07-14 12:18:22] NULL
INFO [2025-07-14 12:18:22] 
INFO [2025-07-14 12:18:22] $output
INFO [2025-07-14 12:18:22] [1] TRUE
INFO [2025-07-14 12:18:22] 
INFO [2025-07-14 12:18:22] $category.names
INFO [2025-07-14 12:18:22] c("cTWAS", "TWAS", "coloc")
INFO [2025-07-14 12:18:22] 
INFO [2025-07-14 12:18:22] $cat.cex
INFO [2025-07-14 12:18:22] [1] 1.5
INFO [2025-07-14 12:18:22] 
INFO [2025-07-14 12:18:22] $cex
INFO [2025-07-14 12:18:22] [1] 1.5
INFO [2025-07-14 12:18:22] 
INFO [2025-07-14 12:18:22] $print.mode
INFO [2025-07-14 12:18:22] [1] "raw"
INFO [2025-07-14 12:18:22] 
INFO [2025-07-14 12:18:22] $fill
INFO [2025-07-14 12:18:22] c("#66c2a5", "#fc8d62", "#8da0cb")
INFO [2025-07-14 12:18:22] 
INFO [2025-07-14 12:18:22] $scaled
INFO [2025-07-14 12:18:22] [1] FALSE
INFO [2025-07-14 12:18:22] 
