INFO [2025-07-16 11:06:59] $x
INFO [2025-07-16 11:06:59] list(cTWAS = ctwas_genes, TWAS = twas_genes, coloc = coloc_genes)
INFO [2025-07-16 11:06:59] 
INFO [2025-07-16 11:06:59] $filename
INFO [2025-07-16 11:06:59] NULL
INFO [2025-07-16 11:06:59] 
INFO [2025-07-16 11:06:59] $output
INFO [2025-07-16 11:06:59] [1] TRUE
INFO [2025-07-16 11:06:59] 
INFO [2025-07-16 11:06:59] $category.names
INFO [2025-07-16 11:06:59] c("cTWAS", "TWAS", "coloc")
INFO [2025-07-16 11:06:59] 
INFO [2025-07-16 11:06:59] $cat.cex
INFO [2025-07-16 11:06:59] [1] 1.5
INFO [2025-07-16 11:06:59] 
INFO [2025-07-16 11:06:59] $cex
INFO [2025-07-16 11:06:59] [1] 1.5
INFO [2025-07-16 11:06:59] 
INFO [2025-07-16 11:06:59] $print.mode
INFO [2025-07-16 11:06:59] [1] "raw"
INFO [2025-07-16 11:06:59] 
INFO [2025-07-16 11:06:59] $fill
INFO [2025-07-16 11:06:59] c("#66c2a5", "#fc8d62", "#8da0cb")
INFO [2025-07-16 11:06:59] 
INFO [2025-07-16 11:06:59] $scaled
INFO [2025-07-16 11:06:59] [1] FALSE
INFO [2025-07-16 11:06:59] 
