INFO [2025-07-11 15:35:49] $x
INFO [2025-07-11 15:35:49] list(cTWAS = ctwas_genes, TWAS = twas_genes, coloc = coloc_genes)
INFO [2025-07-11 15:35:49] 
INFO [2025-07-11 15:35:49] $filename
INFO [2025-07-11 15:35:49] NULL
INFO [2025-07-11 15:35:49] 
INFO [2025-07-11 15:35:49] $output
INFO [2025-07-11 15:35:49] [1] TRUE
INFO [2025-07-11 15:35:49] 
INFO [2025-07-11 15:35:49] $category.names
INFO [2025-07-11 15:35:49] c("cTWAS", "TWAS", "coloc")
INFO [2025-07-11 15:35:49] 
INFO [2025-07-11 15:35:49] $cat.cex
INFO [2025-07-11 15:35:49] [1] 1.5
INFO [2025-07-11 15:35:49] 
INFO [2025-07-11 15:35:49] $cex
INFO [2025-07-11 15:35:49] [1] 1.5
INFO [2025-07-11 15:35:49] 
INFO [2025-07-11 15:35:49] $print.mode
INFO [2025-07-11 15:35:49] [1] "raw"
INFO [2025-07-11 15:35:49] 
INFO [2025-07-11 15:35:49] $fill
INFO [2025-07-11 15:35:49] c("#66c2a5", "#fc8d62", "#8da0cb")
INFO [2025-07-11 15:35:49] 
INFO [2025-07-11 15:35:49] $scaled
INFO [2025-07-11 15:35:49] [1] FALSE
INFO [2025-07-11 15:35:49] 
