INFO [2025-07-14 11:36:01] $x
INFO [2025-07-14 11:36:01] list(cTWAS = ctwas_genes, TWAS = twas_genes, coloc = coloc_genes)
INFO [2025-07-14 11:36:01] 
INFO [2025-07-14 11:36:01] $filename
INFO [2025-07-14 11:36:01] NULL
INFO [2025-07-14 11:36:01] 
INFO [2025-07-14 11:36:01] $output
INFO [2025-07-14 11:36:01] [1] TRUE
INFO [2025-07-14 11:36:01] 
INFO [2025-07-14 11:36:01] $category.names
INFO [2025-07-14 11:36:01] c("cTWAS", "TWAS", "coloc")
INFO [2025-07-14 11:36:01] 
INFO [2025-07-14 11:36:01] $cat.cex
INFO [2025-07-14 11:36:01] [1] 1.5
INFO [2025-07-14 11:36:01] 
INFO [2025-07-14 11:36:01] $cex
INFO [2025-07-14 11:36:01] [1] 1.5
INFO [2025-07-14 11:36:01] 
INFO [2025-07-14 11:36:01] $print.mode
INFO [2025-07-14 11:36:01] [1] "raw"
INFO [2025-07-14 11:36:01] 
INFO [2025-07-14 11:36:01] $fill
INFO [2025-07-14 11:36:01] c("#66c2a5", "#fc8d62", "#8da0cb")
INFO [2025-07-14 11:36:01] 
INFO [2025-07-14 11:36:01] $scaled
INFO [2025-07-14 11:36:01] [1] FALSE
INFO [2025-07-14 11:36:01] 
