INFO [2025-02-06 21:54:02] $x
INFO [2025-02-06 21:54:02] list(Group1 = enrich_multi_sig$G, Group2 = enrich_multi_samevarL5_sig$GO)
INFO [2025-02-06 21:54:02] 
INFO [2025-02-06 21:54:02] $filename
INFO [2025-02-06 21:54:02] NULL
INFO [2025-02-06 21:54:02] 
INFO [2025-02-06 21:54:02] $output
INFO [2025-02-06 21:54:02] [1] FALSE
INFO [2025-02-06 21:54:02] 
INFO [2025-02-06 21:54:02] $fill
INFO [2025-02-06 21:54:02] c("skyblue", "pink")
INFO [2025-02-06 21:54:02] 
INFO [2025-02-06 21:54:02] $alpha
INFO [2025-02-06 21:54:02] [1] 0.5
INFO [2025-02-06 21:54:02] 
INFO [2025-02-06 21:54:02] $category.names
INFO [2025-02-06 21:54:02] c("share_type,preL", "share_all,L=5")
INFO [2025-02-06 21:54:02] 
INFO [2025-02-06 21:54:02] $main
INFO [2025-02-06 21:54:02] [1] "Comparing GO terms identified by fractional model, FDR < 0.05"
INFO [2025-02-06 21:54:02] 
INFO [2025-02-06 21:54:02] $x
INFO [2025-02-06 21:54:02] list(Group1 = enrich_multi_sig$G, Group2 = enrich_multi_samevarL5_sig$GO)
INFO [2025-02-06 21:54:02] 
INFO [2025-02-06 21:54:02] $filename
INFO [2025-02-06 21:54:02] NULL
INFO [2025-02-06 21:54:02] 
INFO [2025-02-06 21:54:02] $output
INFO [2025-02-06 21:54:02] [1] FALSE
INFO [2025-02-06 21:54:02] 
INFO [2025-02-06 21:54:02] $fill
INFO [2025-02-06 21:54:02] c("skyblue", "pink")
INFO [2025-02-06 21:54:02] 
INFO [2025-02-06 21:54:02] $alpha
INFO [2025-02-06 21:54:02] [1] 0.5
INFO [2025-02-06 21:54:02] 
INFO [2025-02-06 21:54:02] $category.names
INFO [2025-02-06 21:54:02] c("share_type,preL", "share_all,L=5")
INFO [2025-02-06 21:54:02] 
INFO [2025-02-06 21:54:02] $main
INFO [2025-02-06 21:54:02] [1] "Comparing GO terms identified by fractional model, FDR < 0.1"
INFO [2025-02-06 21:54:02] 
