INFO [2025-07-11 15:36:21] $x
INFO [2025-07-11 15:36:21] list(cTWAS = ctwas_genes, TWAS = twas_genes, coloc = coloc_genes)
INFO [2025-07-11 15:36:21] 
INFO [2025-07-11 15:36:21] $filename
INFO [2025-07-11 15:36:21] NULL
INFO [2025-07-11 15:36:21] 
INFO [2025-07-11 15:36:21] $output
INFO [2025-07-11 15:36:21] [1] TRUE
INFO [2025-07-11 15:36:21] 
INFO [2025-07-11 15:36:21] $category.names
INFO [2025-07-11 15:36:21] c("cTWAS", "TWAS", "coloc")
INFO [2025-07-11 15:36:21] 
INFO [2025-07-11 15:36:21] $cat.cex
INFO [2025-07-11 15:36:21] [1] 1.5
INFO [2025-07-11 15:36:21] 
INFO [2025-07-11 15:36:21] $cex
INFO [2025-07-11 15:36:21] [1] 1.5
INFO [2025-07-11 15:36:21] 
INFO [2025-07-11 15:36:21] $print.mode
INFO [2025-07-11 15:36:21] [1] "raw"
INFO [2025-07-11 15:36:21] 
INFO [2025-07-11 15:36:21] $fill
INFO [2025-07-11 15:36:21] c("#66c2a5", "#fc8d62", "#8da0cb")
INFO [2025-07-11 15:36:21] 
INFO [2025-07-11 15:36:21] $scaled
INFO [2025-07-11 15:36:21] [1] FALSE
INFO [2025-07-11 15:36:21] 
