INFO [2025-07-11 15:35:27] $x
INFO [2025-07-11 15:35:27] term_lists
INFO [2025-07-11 15:35:27] 
INFO [2025-07-11 15:35:27] $filename
INFO [2025-07-11 15:35:27] NULL
INFO [2025-07-11 15:35:27] 
INFO [2025-07-11 15:35:27] $output
INFO [2025-07-11 15:35:27] [1] TRUE
INFO [2025-07-11 15:35:27] 
INFO [2025-07-11 15:35:27] $category.names
INFO [2025-07-11 15:35:27] c("cTWAS", "TWAS", "coloc")
INFO [2025-07-11 15:35:27] 
INFO [2025-07-11 15:35:27] $cat.cex
INFO [2025-07-11 15:35:27] [1] 1.5
INFO [2025-07-11 15:35:27] 
INFO [2025-07-11 15:35:27] $cex
INFO [2025-07-11 15:35:27] [1] 1.5
INFO [2025-07-11 15:35:27] 
INFO [2025-07-11 15:35:27] $print.mode
INFO [2025-07-11 15:35:27] [1] "raw"
INFO [2025-07-11 15:35:27] 
INFO [2025-07-11 15:35:27] $fill
INFO [2025-07-11 15:35:27] c("#66c2a5", "#fc8d62", "#8da0cb")
INFO [2025-07-11 15:35:27] 
INFO [2025-07-11 15:35:27] $scaled
INFO [2025-07-11 15:35:27] [1] FALSE
INFO [2025-07-11 15:35:27] 
