INFO [2025-07-11 15:33:53] $x
INFO [2025-07-11 15:33:53] list(cTWAS = ctwas_genes, TWAS = twas_genes, coloc = coloc_genes)
INFO [2025-07-11 15:33:53] 
INFO [2025-07-11 15:33:53] $filename
INFO [2025-07-11 15:33:53] NULL
INFO [2025-07-11 15:33:53] 
INFO [2025-07-11 15:33:53] $output
INFO [2025-07-11 15:33:53] [1] TRUE
INFO [2025-07-11 15:33:53] 
INFO [2025-07-11 15:33:53] $category.names
INFO [2025-07-11 15:33:53] c("cTWAS", "TWAS", "coloc")
INFO [2025-07-11 15:33:53] 
INFO [2025-07-11 15:33:53] $cat.cex
INFO [2025-07-11 15:33:53] [1] 1.5
INFO [2025-07-11 15:33:53] 
INFO [2025-07-11 15:33:53] $cex
INFO [2025-07-11 15:33:53] [1] 1.5
INFO [2025-07-11 15:33:53] 
INFO [2025-07-11 15:33:53] $print.mode
INFO [2025-07-11 15:33:53] [1] "raw"
INFO [2025-07-11 15:33:53] 
INFO [2025-07-11 15:33:53] $fill
INFO [2025-07-11 15:33:53] c("#66c2a5", "#fc8d62", "#8da0cb")
INFO [2025-07-11 15:33:53] 
INFO [2025-07-11 15:33:53] $scaled
INFO [2025-07-11 15:33:53] [1] FALSE
INFO [2025-07-11 15:33:53] 
INFO [2025-07-11 15:33:54] $x
INFO [2025-07-11 15:33:54] term_lists
INFO [2025-07-11 15:33:54] 
INFO [2025-07-11 15:33:54] $filename
INFO [2025-07-11 15:33:54] NULL
INFO [2025-07-11 15:33:54] 
INFO [2025-07-11 15:33:54] $output
INFO [2025-07-11 15:33:54] [1] TRUE
INFO [2025-07-11 15:33:54] 
INFO [2025-07-11 15:33:54] $category.names
INFO [2025-07-11 15:33:54] c("cTWAS", "TWAS", "coloc")
INFO [2025-07-11 15:33:54] 
INFO [2025-07-11 15:33:54] $cat.cex
INFO [2025-07-11 15:33:54] [1] 1.5
INFO [2025-07-11 15:33:54] 
INFO [2025-07-11 15:33:54] $cex
INFO [2025-07-11 15:33:54] [1] 1.5
INFO [2025-07-11 15:33:54] 
INFO [2025-07-11 15:33:54] $print.mode
INFO [2025-07-11 15:33:54] [1] "raw"
INFO [2025-07-11 15:33:54] 
INFO [2025-07-11 15:33:54] $fill
INFO [2025-07-11 15:33:54] c("#66c2a5", "#fc8d62", "#8da0cb")
INFO [2025-07-11 15:33:54] 
INFO [2025-07-11 15:33:54] $scaled
INFO [2025-07-11 15:33:54] [1] FALSE
INFO [2025-07-11 15:33:54] 
