INFO [2025-07-11 15:23:40] $x
INFO [2025-07-11 15:23:40] list(cTWAS = ctwas_genes, TWAS = twas_genes, coloc = coloc_genes)
INFO [2025-07-11 15:23:40] 
INFO [2025-07-11 15:23:40] $filename
INFO [2025-07-11 15:23:40] NULL
INFO [2025-07-11 15:23:40] 
INFO [2025-07-11 15:23:40] $output
INFO [2025-07-11 15:23:40] [1] TRUE
INFO [2025-07-11 15:23:40] 
INFO [2025-07-11 15:23:40] $category.names
INFO [2025-07-11 15:23:40] c("cTWAS", "TWAS", "coloc")
INFO [2025-07-11 15:23:40] 
INFO [2025-07-11 15:23:40] $cat.cex
INFO [2025-07-11 15:23:40] [1] 1.5
INFO [2025-07-11 15:23:40] 
INFO [2025-07-11 15:23:40] $cex
INFO [2025-07-11 15:23:40] [1] 1.5
INFO [2025-07-11 15:23:40] 
INFO [2025-07-11 15:23:40] $print.mode
INFO [2025-07-11 15:23:40] [1] "raw"
INFO [2025-07-11 15:23:40] 
INFO [2025-07-11 15:23:40] $fill
INFO [2025-07-11 15:23:40] c("#66c2a5", "#fc8d62", "#8da0cb")
INFO [2025-07-11 15:23:40] 
INFO [2025-07-11 15:23:40] $scaled
INFO [2025-07-11 15:23:40] [1] FALSE
INFO [2025-07-11 15:23:40] 
INFO [2025-07-11 15:23:40] $x
INFO [2025-07-11 15:23:40] term_lists
INFO [2025-07-11 15:23:40] 
INFO [2025-07-11 15:23:40] $filename
INFO [2025-07-11 15:23:40] NULL
INFO [2025-07-11 15:23:40] 
INFO [2025-07-11 15:23:40] $output
INFO [2025-07-11 15:23:40] [1] TRUE
INFO [2025-07-11 15:23:40] 
INFO [2025-07-11 15:23:40] $category.names
INFO [2025-07-11 15:23:40] c("cTWAS", "TWAS", "coloc")
INFO [2025-07-11 15:23:40] 
INFO [2025-07-11 15:23:40] $cat.cex
INFO [2025-07-11 15:23:40] [1] 1.5
INFO [2025-07-11 15:23:40] 
INFO [2025-07-11 15:23:40] $cex
INFO [2025-07-11 15:23:40] [1] 1.5
INFO [2025-07-11 15:23:40] 
INFO [2025-07-11 15:23:40] $print.mode
INFO [2025-07-11 15:23:40] [1] "raw"
INFO [2025-07-11 15:23:40] 
INFO [2025-07-11 15:23:40] $fill
INFO [2025-07-11 15:23:40] c("#66c2a5", "#fc8d62", "#8da0cb")
INFO [2025-07-11 15:23:40] 
INFO [2025-07-11 15:23:40] $scaled
INFO [2025-07-11 15:23:40] [1] FALSE
INFO [2025-07-11 15:23:40] 
INFO [2025-07-11 15:23:40] $x
INFO [2025-07-11 15:23:40] list(cTWAS = ctwas_genes, TWAS = twas_genes, coloc = coloc_genes)
INFO [2025-07-11 15:23:40] 
INFO [2025-07-11 15:23:40] $filename
INFO [2025-07-11 15:23:40] NULL
INFO [2025-07-11 15:23:40] 
INFO [2025-07-11 15:23:40] $output
INFO [2025-07-11 15:23:40] [1] TRUE
INFO [2025-07-11 15:23:40] 
INFO [2025-07-11 15:23:40] $category.names
INFO [2025-07-11 15:23:40] c("cTWAS", "TWAS", "coloc")
INFO [2025-07-11 15:23:40] 
INFO [2025-07-11 15:23:40] $cat.cex
INFO [2025-07-11 15:23:40] [1] 1.5
INFO [2025-07-11 15:23:40] 
INFO [2025-07-11 15:23:40] $cex
INFO [2025-07-11 15:23:40] [1] 1.5
INFO [2025-07-11 15:23:40] 
INFO [2025-07-11 15:23:40] $print.mode
INFO [2025-07-11 15:23:40] [1] "raw"
INFO [2025-07-11 15:23:40] 
INFO [2025-07-11 15:23:40] $fill
INFO [2025-07-11 15:23:40] c("#66c2a5", "#fc8d62", "#8da0cb")
INFO [2025-07-11 15:23:40] 
INFO [2025-07-11 15:23:40] $scaled
INFO [2025-07-11 15:23:40] [1] FALSE
INFO [2025-07-11 15:23:40] 
INFO [2025-07-11 15:23:40] $x
INFO [2025-07-11 15:23:40] term_lists
INFO [2025-07-11 15:23:40] 
INFO [2025-07-11 15:23:40] $filename
INFO [2025-07-11 15:23:40] NULL
INFO [2025-07-11 15:23:40] 
INFO [2025-07-11 15:23:40] $output
INFO [2025-07-11 15:23:40] [1] TRUE
INFO [2025-07-11 15:23:40] 
INFO [2025-07-11 15:23:40] $category.names
INFO [2025-07-11 15:23:40] c("cTWAS", "TWAS", "coloc")
INFO [2025-07-11 15:23:40] 
INFO [2025-07-11 15:23:40] $cat.cex
INFO [2025-07-11 15:23:40] [1] 1.5
INFO [2025-07-11 15:23:40] 
INFO [2025-07-11 15:23:40] $cex
INFO [2025-07-11 15:23:40] [1] 1.5
INFO [2025-07-11 15:23:40] 
INFO [2025-07-11 15:23:40] $print.mode
INFO [2025-07-11 15:23:40] [1] "raw"
INFO [2025-07-11 15:23:40] 
INFO [2025-07-11 15:23:40] $fill
INFO [2025-07-11 15:23:40] c("#66c2a5", "#fc8d62", "#8da0cb")
INFO [2025-07-11 15:23:40] 
INFO [2025-07-11 15:23:40] $scaled
INFO [2025-07-11 15:23:40] [1] FALSE
INFO [2025-07-11 15:23:40] 
