INFO [2025-07-11 15:32:08] $x
INFO [2025-07-11 15:32:08] list(cTWAS = ctwas_genes, TWAS = twas_genes, coloc = coloc_genes)
INFO [2025-07-11 15:32:08] 
INFO [2025-07-11 15:32:08] $filename
INFO [2025-07-11 15:32:08] NULL
INFO [2025-07-11 15:32:08] 
INFO [2025-07-11 15:32:08] $output
INFO [2025-07-11 15:32:08] [1] TRUE
INFO [2025-07-11 15:32:08] 
INFO [2025-07-11 15:32:08] $category.names
INFO [2025-07-11 15:32:08] c("cTWAS", "TWAS", "coloc")
INFO [2025-07-11 15:32:08] 
INFO [2025-07-11 15:32:08] $cat.cex
INFO [2025-07-11 15:32:08] [1] 1.5
INFO [2025-07-11 15:32:08] 
INFO [2025-07-11 15:32:08] $cex
INFO [2025-07-11 15:32:08] [1] 1.5
INFO [2025-07-11 15:32:08] 
INFO [2025-07-11 15:32:08] $print.mode
INFO [2025-07-11 15:32:08] [1] "raw"
INFO [2025-07-11 15:32:08] 
INFO [2025-07-11 15:32:08] $fill
INFO [2025-07-11 15:32:08] c("#66c2a5", "#fc8d62", "#8da0cb")
INFO [2025-07-11 15:32:08] 
INFO [2025-07-11 15:32:08] $scaled
INFO [2025-07-11 15:32:08] [1] FALSE
INFO [2025-07-11 15:32:08] 
INFO [2025-07-11 15:32:08] $x
INFO [2025-07-11 15:32:08] term_lists
INFO [2025-07-11 15:32:08] 
INFO [2025-07-11 15:32:08] $filename
INFO [2025-07-11 15:32:08] NULL
INFO [2025-07-11 15:32:08] 
INFO [2025-07-11 15:32:08] $output
INFO [2025-07-11 15:32:08] [1] TRUE
INFO [2025-07-11 15:32:08] 
INFO [2025-07-11 15:32:08] $category.names
INFO [2025-07-11 15:32:08] c("cTWAS", "TWAS", "coloc")
INFO [2025-07-11 15:32:08] 
INFO [2025-07-11 15:32:08] $cat.cex
INFO [2025-07-11 15:32:08] [1] 1.5
INFO [2025-07-11 15:32:08] 
INFO [2025-07-11 15:32:08] $cex
INFO [2025-07-11 15:32:08] [1] 1.5
INFO [2025-07-11 15:32:08] 
INFO [2025-07-11 15:32:08] $print.mode
INFO [2025-07-11 15:32:08] [1] "raw"
INFO [2025-07-11 15:32:08] 
INFO [2025-07-11 15:32:08] $fill
INFO [2025-07-11 15:32:08] c("#66c2a5", "#fc8d62", "#8da0cb")
INFO [2025-07-11 15:32:08] 
INFO [2025-07-11 15:32:08] $scaled
INFO [2025-07-11 15:32:08] [1] FALSE
INFO [2025-07-11 15:32:08] 
INFO [2025-07-11 15:32:08] $x
INFO [2025-07-11 15:32:08] list(cTWAS = ctwas_genes, TWAS = twas_genes, coloc = coloc_genes)
INFO [2025-07-11 15:32:08] 
INFO [2025-07-11 15:32:08] $filename
INFO [2025-07-11 15:32:08] NULL
INFO [2025-07-11 15:32:08] 
INFO [2025-07-11 15:32:08] $output
INFO [2025-07-11 15:32:08] [1] TRUE
INFO [2025-07-11 15:32:08] 
INFO [2025-07-11 15:32:08] $category.names
INFO [2025-07-11 15:32:08] c("cTWAS", "TWAS", "coloc")
INFO [2025-07-11 15:32:08] 
INFO [2025-07-11 15:32:08] $cat.cex
INFO [2025-07-11 15:32:08] [1] 1.5
INFO [2025-07-11 15:32:08] 
INFO [2025-07-11 15:32:08] $cex
INFO [2025-07-11 15:32:08] [1] 1.5
INFO [2025-07-11 15:32:08] 
INFO [2025-07-11 15:32:08] $print.mode
INFO [2025-07-11 15:32:08] [1] "raw"
INFO [2025-07-11 15:32:08] 
INFO [2025-07-11 15:32:08] $fill
INFO [2025-07-11 15:32:08] c("#66c2a5", "#fc8d62", "#8da0cb")
INFO [2025-07-11 15:32:08] 
INFO [2025-07-11 15:32:08] $scaled
INFO [2025-07-11 15:32:08] [1] FALSE
INFO [2025-07-11 15:32:08] 
INFO [2025-07-11 15:32:08] $x
INFO [2025-07-11 15:32:08] term_lists
INFO [2025-07-11 15:32:08] 
INFO [2025-07-11 15:32:08] $filename
INFO [2025-07-11 15:32:08] NULL
INFO [2025-07-11 15:32:08] 
INFO [2025-07-11 15:32:08] $output
INFO [2025-07-11 15:32:08] [1] TRUE
INFO [2025-07-11 15:32:08] 
INFO [2025-07-11 15:32:08] $category.names
INFO [2025-07-11 15:32:08] c("cTWAS", "TWAS", "coloc")
INFO [2025-07-11 15:32:08] 
INFO [2025-07-11 15:32:08] $cat.cex
INFO [2025-07-11 15:32:08] [1] 1.5
INFO [2025-07-11 15:32:08] 
INFO [2025-07-11 15:32:08] $cex
INFO [2025-07-11 15:32:08] [1] 1.5
INFO [2025-07-11 15:32:08] 
INFO [2025-07-11 15:32:08] $print.mode
INFO [2025-07-11 15:32:08] [1] "raw"
INFO [2025-07-11 15:32:08] 
INFO [2025-07-11 15:32:08] $fill
INFO [2025-07-11 15:32:08] c("#66c2a5", "#fc8d62", "#8da0cb")
INFO [2025-07-11 15:32:08] 
INFO [2025-07-11 15:32:08] $scaled
INFO [2025-07-11 15:32:08] [1] FALSE
INFO [2025-07-11 15:32:08] 
INFO [2025-07-11 15:32:08] $x
INFO [2025-07-11 15:32:08] list(cTWAS = ctwas_genes, TWAS = twas_genes, coloc = coloc_genes)
INFO [2025-07-11 15:32:08] 
INFO [2025-07-11 15:32:08] $filename
INFO [2025-07-11 15:32:08] NULL
INFO [2025-07-11 15:32:08] 
INFO [2025-07-11 15:32:08] $output
INFO [2025-07-11 15:32:08] [1] TRUE
INFO [2025-07-11 15:32:08] 
INFO [2025-07-11 15:32:08] $category.names
INFO [2025-07-11 15:32:08] c("cTWAS", "TWAS", "coloc")
INFO [2025-07-11 15:32:08] 
INFO [2025-07-11 15:32:08] $cat.cex
INFO [2025-07-11 15:32:08] [1] 1.5
INFO [2025-07-11 15:32:08] 
INFO [2025-07-11 15:32:08] $cex
INFO [2025-07-11 15:32:08] [1] 1.5
INFO [2025-07-11 15:32:08] 
INFO [2025-07-11 15:32:08] $print.mode
INFO [2025-07-11 15:32:08] [1] "raw"
INFO [2025-07-11 15:32:08] 
INFO [2025-07-11 15:32:08] $fill
INFO [2025-07-11 15:32:08] c("#66c2a5", "#fc8d62", "#8da0cb")
INFO [2025-07-11 15:32:08] 
INFO [2025-07-11 15:32:08] $scaled
INFO [2025-07-11 15:32:08] [1] FALSE
INFO [2025-07-11 15:32:08] 
