INFO [2025-07-11 15:35:36] $x
INFO [2025-07-11 15:35:36] list(cTWAS = ctwas_genes, TWAS = twas_genes, coloc = coloc_genes)
INFO [2025-07-11 15:35:36] 
INFO [2025-07-11 15:35:36] $filename
INFO [2025-07-11 15:35:36] NULL
INFO [2025-07-11 15:35:36] 
INFO [2025-07-11 15:35:36] $output
INFO [2025-07-11 15:35:36] [1] TRUE
INFO [2025-07-11 15:35:36] 
INFO [2025-07-11 15:35:36] $category.names
INFO [2025-07-11 15:35:36] c("cTWAS", "TWAS", "coloc")
INFO [2025-07-11 15:35:36] 
INFO [2025-07-11 15:35:36] $cat.cex
INFO [2025-07-11 15:35:36] [1] 1.5
INFO [2025-07-11 15:35:36] 
INFO [2025-07-11 15:35:36] $cex
INFO [2025-07-11 15:35:36] [1] 1.5
INFO [2025-07-11 15:35:36] 
INFO [2025-07-11 15:35:36] $print.mode
INFO [2025-07-11 15:35:36] [1] "raw"
INFO [2025-07-11 15:35:36] 
INFO [2025-07-11 15:35:36] $fill
INFO [2025-07-11 15:35:36] c("#66c2a5", "#fc8d62", "#8da0cb")
INFO [2025-07-11 15:35:36] 
INFO [2025-07-11 15:35:36] $scaled
INFO [2025-07-11 15:35:36] [1] FALSE
INFO [2025-07-11 15:35:36] 
