INFO [2025-07-14 11:34:57] $x
INFO [2025-07-14 11:34:57] term_lists
INFO [2025-07-14 11:34:57] 
INFO [2025-07-14 11:34:57] $filename
INFO [2025-07-14 11:34:57] NULL
INFO [2025-07-14 11:34:57] 
INFO [2025-07-14 11:34:57] $output
INFO [2025-07-14 11:34:57] [1] TRUE
INFO [2025-07-14 11:34:57] 
INFO [2025-07-14 11:34:57] $category.names
INFO [2025-07-14 11:34:57] c("cTWAS", "TWAS", "coloc")
INFO [2025-07-14 11:34:57] 
INFO [2025-07-14 11:34:57] $cat.cex
INFO [2025-07-14 11:34:57] [1] 1.5
INFO [2025-07-14 11:34:57] 
INFO [2025-07-14 11:34:57] $cex
INFO [2025-07-14 11:34:57] [1] 1.5
INFO [2025-07-14 11:34:57] 
INFO [2025-07-14 11:34:57] $print.mode
INFO [2025-07-14 11:34:57] [1] "raw"
INFO [2025-07-14 11:34:57] 
INFO [2025-07-14 11:34:57] $fill
INFO [2025-07-14 11:34:57] c("#66c2a5", "#fc8d62", "#8da0cb")
INFO [2025-07-14 11:34:57] 
INFO [2025-07-14 11:34:57] $scaled
INFO [2025-07-14 11:34:57] [1] FALSE
INFO [2025-07-14 11:34:57] 
