INFO [2025-07-14 11:35:54] $x
INFO [2025-07-14 11:35:54] term_lists
INFO [2025-07-14 11:35:54] 
INFO [2025-07-14 11:35:54] $filename
INFO [2025-07-14 11:35:54] NULL
INFO [2025-07-14 11:35:54] 
INFO [2025-07-14 11:35:54] $output
INFO [2025-07-14 11:35:54] [1] TRUE
INFO [2025-07-14 11:35:54] 
INFO [2025-07-14 11:35:54] $category.names
INFO [2025-07-14 11:35:54] c("cTWAS", "TWAS", "coloc")
INFO [2025-07-14 11:35:54] 
INFO [2025-07-14 11:35:54] $cat.cex
INFO [2025-07-14 11:35:54] [1] 1.5
INFO [2025-07-14 11:35:54] 
INFO [2025-07-14 11:35:54] $cex
INFO [2025-07-14 11:35:54] [1] 1.5
INFO [2025-07-14 11:35:54] 
INFO [2025-07-14 11:35:54] $print.mode
INFO [2025-07-14 11:35:54] [1] "raw"
INFO [2025-07-14 11:35:54] 
INFO [2025-07-14 11:35:54] $fill
INFO [2025-07-14 11:35:54] c("#66c2a5", "#fc8d62", "#8da0cb")
INFO [2025-07-14 11:35:54] 
INFO [2025-07-14 11:35:54] $scaled
INFO [2025-07-14 11:35:54] [1] FALSE
INFO [2025-07-14 11:35:54] 
