INFO [2025-07-11 15:33:54] $x
INFO [2025-07-11 15:33:54] list(cTWAS = ctwas_genes, TWAS = twas_genes, coloc = coloc_genes)
INFO [2025-07-11 15:33:54] 
INFO [2025-07-11 15:33:54] $filename
INFO [2025-07-11 15:33:54] NULL
INFO [2025-07-11 15:33:54] 
INFO [2025-07-11 15:33:54] $output
INFO [2025-07-11 15:33:54] [1] TRUE
INFO [2025-07-11 15:33:54] 
INFO [2025-07-11 15:33:54] $category.names
INFO [2025-07-11 15:33:54] c("cTWAS", "TWAS", "coloc")
INFO [2025-07-11 15:33:54] 
INFO [2025-07-11 15:33:54] $cat.cex
INFO [2025-07-11 15:33:54] [1] 1.5
INFO [2025-07-11 15:33:54] 
INFO [2025-07-11 15:33:54] $cex
INFO [2025-07-11 15:33:54] [1] 1.5
INFO [2025-07-11 15:33:54] 
INFO [2025-07-11 15:33:54] $print.mode
INFO [2025-07-11 15:33:54] [1] "raw"
INFO [2025-07-11 15:33:54] 
INFO [2025-07-11 15:33:54] $fill
INFO [2025-07-11 15:33:54] c("#66c2a5", "#fc8d62", "#8da0cb")
INFO [2025-07-11 15:33:54] 
INFO [2025-07-11 15:33:54] $scaled
INFO [2025-07-11 15:33:54] [1] FALSE
INFO [2025-07-11 15:33:54] 
INFO [2025-07-11 15:33:54] $x
INFO [2025-07-11 15:33:54] term_lists
INFO [2025-07-11 15:33:54] 
INFO [2025-07-11 15:33:54] $filename
INFO [2025-07-11 15:33:54] NULL
INFO [2025-07-11 15:33:54] 
INFO [2025-07-11 15:33:54] $output
INFO [2025-07-11 15:33:54] [1] TRUE
INFO [2025-07-11 15:33:54] 
INFO [2025-07-11 15:33:54] $category.names
INFO [2025-07-11 15:33:54] c("cTWAS", "TWAS", "coloc")
INFO [2025-07-11 15:33:54] 
INFO [2025-07-11 15:33:54] $cat.cex
INFO [2025-07-11 15:33:54] [1] 1.5
INFO [2025-07-11 15:33:54] 
INFO [2025-07-11 15:33:54] $cex
INFO [2025-07-11 15:33:54] [1] 1.5
INFO [2025-07-11 15:33:54] 
INFO [2025-07-11 15:33:54] $print.mode
INFO [2025-07-11 15:33:54] [1] "raw"
INFO [2025-07-11 15:33:54] 
INFO [2025-07-11 15:33:54] $fill
INFO [2025-07-11 15:33:54] c("#66c2a5", "#fc8d62", "#8da0cb")
INFO [2025-07-11 15:33:54] 
INFO [2025-07-11 15:33:54] $scaled
INFO [2025-07-11 15:33:54] [1] FALSE
INFO [2025-07-11 15:33:54] 
INFO [2025-07-11 15:33:54] $x
INFO [2025-07-11 15:33:54] list(cTWAS = ctwas_genes, TWAS = twas_genes, coloc = coloc_genes)
INFO [2025-07-11 15:33:54] 
INFO [2025-07-11 15:33:54] $filename
INFO [2025-07-11 15:33:54] NULL
INFO [2025-07-11 15:33:54] 
INFO [2025-07-11 15:33:54] $output
INFO [2025-07-11 15:33:54] [1] TRUE
INFO [2025-07-11 15:33:54] 
INFO [2025-07-11 15:33:54] $category.names
INFO [2025-07-11 15:33:54] c("cTWAS", "TWAS", "coloc")
INFO [2025-07-11 15:33:54] 
INFO [2025-07-11 15:33:54] $cat.cex
INFO [2025-07-11 15:33:54] [1] 1.5
INFO [2025-07-11 15:33:54] 
INFO [2025-07-11 15:33:54] $cex
INFO [2025-07-11 15:33:54] [1] 1.5
INFO [2025-07-11 15:33:54] 
INFO [2025-07-11 15:33:54] $print.mode
INFO [2025-07-11 15:33:54] [1] "raw"
INFO [2025-07-11 15:33:54] 
INFO [2025-07-11 15:33:54] $fill
INFO [2025-07-11 15:33:54] c("#66c2a5", "#fc8d62", "#8da0cb")
INFO [2025-07-11 15:33:54] 
INFO [2025-07-11 15:33:54] $scaled
INFO [2025-07-11 15:33:54] [1] FALSE
INFO [2025-07-11 15:33:54] 
INFO [2025-07-11 15:33:54] $x
INFO [2025-07-11 15:33:54] term_lists
INFO [2025-07-11 15:33:54] 
INFO [2025-07-11 15:33:54] $filename
INFO [2025-07-11 15:33:54] NULL
INFO [2025-07-11 15:33:54] 
INFO [2025-07-11 15:33:54] $output
INFO [2025-07-11 15:33:54] [1] TRUE
INFO [2025-07-11 15:33:54] 
INFO [2025-07-11 15:33:54] $category.names
INFO [2025-07-11 15:33:54] c("cTWAS", "TWAS", "coloc")
INFO [2025-07-11 15:33:54] 
INFO [2025-07-11 15:33:54] $cat.cex
INFO [2025-07-11 15:33:54] [1] 1.5
INFO [2025-07-11 15:33:54] 
INFO [2025-07-11 15:33:54] $cex
INFO [2025-07-11 15:33:54] [1] 1.5
INFO [2025-07-11 15:33:54] 
INFO [2025-07-11 15:33:54] $print.mode
INFO [2025-07-11 15:33:54] [1] "raw"
INFO [2025-07-11 15:33:54] 
INFO [2025-07-11 15:33:54] $fill
INFO [2025-07-11 15:33:54] c("#66c2a5", "#fc8d62", "#8da0cb")
INFO [2025-07-11 15:33:54] 
INFO [2025-07-11 15:33:54] $scaled
INFO [2025-07-11 15:33:54] [1] FALSE
INFO [2025-07-11 15:33:54] 
INFO [2025-07-11 15:33:54] $x
INFO [2025-07-11 15:33:54] list(cTWAS = ctwas_genes, TWAS = twas_genes, coloc = coloc_genes)
INFO [2025-07-11 15:33:54] 
INFO [2025-07-11 15:33:54] $filename
INFO [2025-07-11 15:33:54] NULL
INFO [2025-07-11 15:33:54] 
INFO [2025-07-11 15:33:54] $output
INFO [2025-07-11 15:33:54] [1] TRUE
INFO [2025-07-11 15:33:54] 
INFO [2025-07-11 15:33:54] $category.names
INFO [2025-07-11 15:33:54] c("cTWAS", "TWAS", "coloc")
INFO [2025-07-11 15:33:54] 
INFO [2025-07-11 15:33:54] $cat.cex
INFO [2025-07-11 15:33:54] [1] 1.5
INFO [2025-07-11 15:33:54] 
INFO [2025-07-11 15:33:54] $cex
INFO [2025-07-11 15:33:54] [1] 1.5
INFO [2025-07-11 15:33:54] 
INFO [2025-07-11 15:33:54] $print.mode
INFO [2025-07-11 15:33:54] [1] "raw"
INFO [2025-07-11 15:33:54] 
INFO [2025-07-11 15:33:54] $fill
INFO [2025-07-11 15:33:54] c("#66c2a5", "#fc8d62", "#8da0cb")
INFO [2025-07-11 15:33:54] 
INFO [2025-07-11 15:33:54] $scaled
INFO [2025-07-11 15:33:54] [1] FALSE
INFO [2025-07-11 15:33:54] 
INFO [2025-07-11 15:33:54] $x
INFO [2025-07-11 15:33:54] term_lists
INFO [2025-07-11 15:33:54] 
INFO [2025-07-11 15:33:54] $filename
INFO [2025-07-11 15:33:54] NULL
INFO [2025-07-11 15:33:54] 
INFO [2025-07-11 15:33:54] $output
INFO [2025-07-11 15:33:54] [1] TRUE
INFO [2025-07-11 15:33:54] 
INFO [2025-07-11 15:33:54] $category.names
INFO [2025-07-11 15:33:54] c("cTWAS", "TWAS", "coloc")
INFO [2025-07-11 15:33:54] 
INFO [2025-07-11 15:33:54] $cat.cex
INFO [2025-07-11 15:33:54] [1] 1.5
INFO [2025-07-11 15:33:54] 
INFO [2025-07-11 15:33:54] $cex
INFO [2025-07-11 15:33:54] [1] 1.5
INFO [2025-07-11 15:33:54] 
INFO [2025-07-11 15:33:54] $print.mode
INFO [2025-07-11 15:33:54] [1] "raw"
INFO [2025-07-11 15:33:54] 
INFO [2025-07-11 15:33:54] $fill
INFO [2025-07-11 15:33:54] c("#66c2a5", "#fc8d62", "#8da0cb")
INFO [2025-07-11 15:33:54] 
INFO [2025-07-11 15:33:54] $scaled
INFO [2025-07-11 15:33:54] [1] FALSE
INFO [2025-07-11 15:33:54] 
INFO [2025-07-11 15:33:54] $x
INFO [2025-07-11 15:33:54] list(cTWAS = ctwas_genes, TWAS = twas_genes, coloc = coloc_genes)
INFO [2025-07-11 15:33:54] 
INFO [2025-07-11 15:33:54] $filename
INFO [2025-07-11 15:33:54] NULL
INFO [2025-07-11 15:33:54] 
INFO [2025-07-11 15:33:54] $output
INFO [2025-07-11 15:33:54] [1] TRUE
INFO [2025-07-11 15:33:54] 
INFO [2025-07-11 15:33:54] $category.names
INFO [2025-07-11 15:33:54] c("cTWAS", "TWAS", "coloc")
INFO [2025-07-11 15:33:54] 
INFO [2025-07-11 15:33:54] $cat.cex
INFO [2025-07-11 15:33:54] [1] 1.5
INFO [2025-07-11 15:33:54] 
INFO [2025-07-11 15:33:54] $cex
INFO [2025-07-11 15:33:54] [1] 1.5
INFO [2025-07-11 15:33:54] 
INFO [2025-07-11 15:33:54] $print.mode
INFO [2025-07-11 15:33:54] [1] "raw"
INFO [2025-07-11 15:33:54] 
INFO [2025-07-11 15:33:54] $fill
INFO [2025-07-11 15:33:54] c("#66c2a5", "#fc8d62", "#8da0cb")
INFO [2025-07-11 15:33:54] 
INFO [2025-07-11 15:33:54] $scaled
INFO [2025-07-11 15:33:54] [1] FALSE
INFO [2025-07-11 15:33:54] 
INFO [2025-07-11 15:33:55] $x
INFO [2025-07-11 15:33:55] term_lists
INFO [2025-07-11 15:33:55] 
INFO [2025-07-11 15:33:55] $filename
INFO [2025-07-11 15:33:55] NULL
INFO [2025-07-11 15:33:55] 
INFO [2025-07-11 15:33:55] $output
INFO [2025-07-11 15:33:55] [1] TRUE
INFO [2025-07-11 15:33:55] 
INFO [2025-07-11 15:33:55] $category.names
INFO [2025-07-11 15:33:55] c("cTWAS", "TWAS", "coloc")
INFO [2025-07-11 15:33:55] 
INFO [2025-07-11 15:33:55] $cat.cex
INFO [2025-07-11 15:33:55] [1] 1.5
INFO [2025-07-11 15:33:55] 
INFO [2025-07-11 15:33:55] $cex
INFO [2025-07-11 15:33:55] [1] 1.5
INFO [2025-07-11 15:33:55] 
INFO [2025-07-11 15:33:55] $print.mode
INFO [2025-07-11 15:33:55] [1] "raw"
INFO [2025-07-11 15:33:55] 
INFO [2025-07-11 15:33:55] $fill
INFO [2025-07-11 15:33:55] c("#66c2a5", "#fc8d62", "#8da0cb")
INFO [2025-07-11 15:33:55] 
INFO [2025-07-11 15:33:55] $scaled
INFO [2025-07-11 15:33:55] [1] FALSE
INFO [2025-07-11 15:33:55] 
