INFO [2025-08-06 17:47:33] $x
INFO [2025-08-06 17:47:33] list(List1 = list1, List2 = list2)
INFO [2025-08-06 17:47:33] 
INFO [2025-08-06 17:47:33] $filename
INFO [2025-08-06 17:47:33] NULL
INFO [2025-08-06 17:47:33] 
INFO [2025-08-06 17:47:33] $fill
INFO [2025-08-06 17:47:33] c("skyblue", "orange")
INFO [2025-08-06 17:47:33] 
INFO [2025-08-06 17:47:33] $alpha
INFO [2025-08-06 17:47:33] [1] 0.5
INFO [2025-08-06 17:47:33] 
INFO [2025-08-06 17:47:33] $cex
INFO [2025-08-06 17:47:33] [1] 2
INFO [2025-08-06 17:47:33] 
INFO [2025-08-06 17:47:33] $cat.cex
INFO [2025-08-06 17:47:33] [1] 1.5
INFO [2025-08-06 17:47:33] 
INFO [2025-08-06 17:47:33] $cat.pos
INFO [2025-08-06 17:47:33] [1] 0
INFO [2025-08-06 17:47:33] 
