INFO [2025-07-14 11:35:46] $x
INFO [2025-07-14 11:35:46] term_lists
INFO [2025-07-14 11:35:46] 
INFO [2025-07-14 11:35:46] $filename
INFO [2025-07-14 11:35:46] NULL
INFO [2025-07-14 11:35:46] 
INFO [2025-07-14 11:35:46] $output
INFO [2025-07-14 11:35:46] [1] TRUE
INFO [2025-07-14 11:35:46] 
INFO [2025-07-14 11:35:46] $category.names
INFO [2025-07-14 11:35:46] c("cTWAS", "TWAS", "coloc")
INFO [2025-07-14 11:35:46] 
INFO [2025-07-14 11:35:46] $cat.cex
INFO [2025-07-14 11:35:46] [1] 1.5
INFO [2025-07-14 11:35:46] 
INFO [2025-07-14 11:35:46] $cex
INFO [2025-07-14 11:35:46] [1] 1.5
INFO [2025-07-14 11:35:46] 
INFO [2025-07-14 11:35:46] $print.mode
INFO [2025-07-14 11:35:46] [1] "raw"
INFO [2025-07-14 11:35:46] 
INFO [2025-07-14 11:35:46] $fill
INFO [2025-07-14 11:35:46] c("#66c2a5", "#fc8d62", "#8da0cb")
INFO [2025-07-14 11:35:46] 
INFO [2025-07-14 11:35:46] $scaled
INFO [2025-07-14 11:35:46] [1] FALSE
INFO [2025-07-14 11:35:46] 
