INFO [2025-07-11 15:26:16] $x
INFO [2025-07-11 15:26:16] term_lists
INFO [2025-07-11 15:26:16] 
INFO [2025-07-11 15:26:16] $filename
INFO [2025-07-11 15:26:16] NULL
INFO [2025-07-11 15:26:16] 
INFO [2025-07-11 15:26:16] $output
INFO [2025-07-11 15:26:16] [1] TRUE
INFO [2025-07-11 15:26:16] 
INFO [2025-07-11 15:26:16] $category.names
INFO [2025-07-11 15:26:16] c("cTWAS", "TWAS", "coloc")
INFO [2025-07-11 15:26:16] 
INFO [2025-07-11 15:26:16] $cat.cex
INFO [2025-07-11 15:26:16] [1] 1.5
INFO [2025-07-11 15:26:16] 
INFO [2025-07-11 15:26:16] $cex
INFO [2025-07-11 15:26:16] [1] 1.5
INFO [2025-07-11 15:26:16] 
INFO [2025-07-11 15:26:16] $print.mode
INFO [2025-07-11 15:26:16] [1] "raw"
INFO [2025-07-11 15:26:16] 
INFO [2025-07-11 15:26:16] $fill
INFO [2025-07-11 15:26:16] c("#66c2a5", "#fc8d62", "#8da0cb")
INFO [2025-07-11 15:26:16] 
INFO [2025-07-11 15:26:16] $scaled
INFO [2025-07-11 15:26:16] [1] FALSE
INFO [2025-07-11 15:26:16] 
INFO [2025-07-11 15:26:16] $x
INFO [2025-07-11 15:26:16] list(cTWAS = ctwas_genes, TWAS = twas_genes, coloc = coloc_genes)
INFO [2025-07-11 15:26:16] 
INFO [2025-07-11 15:26:16] $filename
INFO [2025-07-11 15:26:16] NULL
INFO [2025-07-11 15:26:16] 
INFO [2025-07-11 15:26:16] $output
INFO [2025-07-11 15:26:16] [1] TRUE
INFO [2025-07-11 15:26:16] 
INFO [2025-07-11 15:26:16] $category.names
INFO [2025-07-11 15:26:16] c("cTWAS", "TWAS", "coloc")
INFO [2025-07-11 15:26:16] 
INFO [2025-07-11 15:26:16] $cat.cex
INFO [2025-07-11 15:26:16] [1] 1.5
INFO [2025-07-11 15:26:16] 
INFO [2025-07-11 15:26:16] $cex
INFO [2025-07-11 15:26:16] [1] 1.5
INFO [2025-07-11 15:26:16] 
INFO [2025-07-11 15:26:16] $print.mode
INFO [2025-07-11 15:26:16] [1] "raw"
INFO [2025-07-11 15:26:16] 
INFO [2025-07-11 15:26:16] $fill
INFO [2025-07-11 15:26:16] c("#66c2a5", "#fc8d62", "#8da0cb")
INFO [2025-07-11 15:26:16] 
INFO [2025-07-11 15:26:16] $scaled
INFO [2025-07-11 15:26:16] [1] FALSE
INFO [2025-07-11 15:26:16] 
INFO [2025-07-11 15:26:16] $x
INFO [2025-07-11 15:26:16] term_lists
INFO [2025-07-11 15:26:16] 
INFO [2025-07-11 15:26:16] $filename
INFO [2025-07-11 15:26:16] NULL
INFO [2025-07-11 15:26:16] 
INFO [2025-07-11 15:26:16] $output
INFO [2025-07-11 15:26:16] [1] TRUE
INFO [2025-07-11 15:26:16] 
INFO [2025-07-11 15:26:16] $category.names
INFO [2025-07-11 15:26:16] c("cTWAS", "TWAS", "coloc")
INFO [2025-07-11 15:26:16] 
INFO [2025-07-11 15:26:16] $cat.cex
INFO [2025-07-11 15:26:16] [1] 1.5
INFO [2025-07-11 15:26:16] 
INFO [2025-07-11 15:26:16] $cex
INFO [2025-07-11 15:26:16] [1] 1.5
INFO [2025-07-11 15:26:16] 
INFO [2025-07-11 15:26:16] $print.mode
INFO [2025-07-11 15:26:16] [1] "raw"
INFO [2025-07-11 15:26:16] 
INFO [2025-07-11 15:26:16] $fill
INFO [2025-07-11 15:26:16] c("#66c2a5", "#fc8d62", "#8da0cb")
INFO [2025-07-11 15:26:16] 
INFO [2025-07-11 15:26:16] $scaled
INFO [2025-07-11 15:26:16] [1] FALSE
INFO [2025-07-11 15:26:16] 
INFO [2025-07-11 15:26:16] $x
INFO [2025-07-11 15:26:16] list(cTWAS = ctwas_genes, TWAS = twas_genes, coloc = coloc_genes)
INFO [2025-07-11 15:26:16] 
INFO [2025-07-11 15:26:16] $filename
INFO [2025-07-11 15:26:16] NULL
INFO [2025-07-11 15:26:16] 
INFO [2025-07-11 15:26:16] $output
INFO [2025-07-11 15:26:16] [1] TRUE
INFO [2025-07-11 15:26:16] 
INFO [2025-07-11 15:26:16] $category.names
INFO [2025-07-11 15:26:16] c("cTWAS", "TWAS", "coloc")
INFO [2025-07-11 15:26:16] 
INFO [2025-07-11 15:26:16] $cat.cex
INFO [2025-07-11 15:26:16] [1] 1.5
INFO [2025-07-11 15:26:16] 
INFO [2025-07-11 15:26:16] $cex
INFO [2025-07-11 15:26:16] [1] 1.5
INFO [2025-07-11 15:26:16] 
INFO [2025-07-11 15:26:16] $print.mode
INFO [2025-07-11 15:26:16] [1] "raw"
INFO [2025-07-11 15:26:16] 
INFO [2025-07-11 15:26:16] $fill
INFO [2025-07-11 15:26:16] c("#66c2a5", "#fc8d62", "#8da0cb")
INFO [2025-07-11 15:26:16] 
INFO [2025-07-11 15:26:16] $scaled
INFO [2025-07-11 15:26:16] [1] FALSE
INFO [2025-07-11 15:26:16] 
INFO [2025-07-11 15:26:16] $x
INFO [2025-07-11 15:26:16] term_lists
INFO [2025-07-11 15:26:16] 
INFO [2025-07-11 15:26:16] $filename
INFO [2025-07-11 15:26:16] NULL
INFO [2025-07-11 15:26:16] 
INFO [2025-07-11 15:26:16] $output
INFO [2025-07-11 15:26:16] [1] TRUE
INFO [2025-07-11 15:26:16] 
INFO [2025-07-11 15:26:16] $category.names
INFO [2025-07-11 15:26:16] c("cTWAS", "TWAS", "coloc")
INFO [2025-07-11 15:26:16] 
INFO [2025-07-11 15:26:16] $cat.cex
INFO [2025-07-11 15:26:16] [1] 1.5
INFO [2025-07-11 15:26:16] 
INFO [2025-07-11 15:26:16] $cex
INFO [2025-07-11 15:26:16] [1] 1.5
INFO [2025-07-11 15:26:16] 
INFO [2025-07-11 15:26:16] $print.mode
INFO [2025-07-11 15:26:16] [1] "raw"
INFO [2025-07-11 15:26:16] 
INFO [2025-07-11 15:26:16] $fill
INFO [2025-07-11 15:26:16] c("#66c2a5", "#fc8d62", "#8da0cb")
INFO [2025-07-11 15:26:16] 
INFO [2025-07-11 15:26:16] $scaled
INFO [2025-07-11 15:26:16] [1] FALSE
INFO [2025-07-11 15:26:16] 
INFO [2025-07-11 15:26:16] $x
INFO [2025-07-11 15:26:16] list(cTWAS = ctwas_genes, TWAS = twas_genes, coloc = coloc_genes)
INFO [2025-07-11 15:26:16] 
INFO [2025-07-11 15:26:16] $filename
INFO [2025-07-11 15:26:16] NULL
INFO [2025-07-11 15:26:16] 
INFO [2025-07-11 15:26:16] $output
INFO [2025-07-11 15:26:16] [1] TRUE
INFO [2025-07-11 15:26:16] 
INFO [2025-07-11 15:26:16] $category.names
INFO [2025-07-11 15:26:16] c("cTWAS", "TWAS", "coloc")
INFO [2025-07-11 15:26:16] 
INFO [2025-07-11 15:26:16] $cat.cex
INFO [2025-07-11 15:26:16] [1] 1.5
INFO [2025-07-11 15:26:16] 
INFO [2025-07-11 15:26:16] $cex
INFO [2025-07-11 15:26:16] [1] 1.5
INFO [2025-07-11 15:26:16] 
INFO [2025-07-11 15:26:16] $print.mode
INFO [2025-07-11 15:26:16] [1] "raw"
INFO [2025-07-11 15:26:16] 
INFO [2025-07-11 15:26:16] $fill
INFO [2025-07-11 15:26:16] c("#66c2a5", "#fc8d62", "#8da0cb")
INFO [2025-07-11 15:26:16] 
INFO [2025-07-11 15:26:16] $scaled
INFO [2025-07-11 15:26:16] [1] FALSE
INFO [2025-07-11 15:26:16] 
INFO [2025-07-11 15:26:16] $x
INFO [2025-07-11 15:26:16] term_lists
INFO [2025-07-11 15:26:16] 
INFO [2025-07-11 15:26:16] $filename
INFO [2025-07-11 15:26:16] NULL
INFO [2025-07-11 15:26:16] 
INFO [2025-07-11 15:26:16] $output
INFO [2025-07-11 15:26:16] [1] TRUE
INFO [2025-07-11 15:26:16] 
INFO [2025-07-11 15:26:16] $category.names
INFO [2025-07-11 15:26:16] c("cTWAS", "TWAS", "coloc")
INFO [2025-07-11 15:26:16] 
INFO [2025-07-11 15:26:16] $cat.cex
INFO [2025-07-11 15:26:16] [1] 1.5
INFO [2025-07-11 15:26:16] 
INFO [2025-07-11 15:26:16] $cex
INFO [2025-07-11 15:26:16] [1] 1.5
INFO [2025-07-11 15:26:16] 
INFO [2025-07-11 15:26:16] $print.mode
INFO [2025-07-11 15:26:16] [1] "raw"
INFO [2025-07-11 15:26:16] 
INFO [2025-07-11 15:26:16] $fill
INFO [2025-07-11 15:26:16] c("#66c2a5", "#fc8d62", "#8da0cb")
INFO [2025-07-11 15:26:16] 
INFO [2025-07-11 15:26:16] $scaled
INFO [2025-07-11 15:26:16] [1] FALSE
INFO [2025-07-11 15:26:16] 
