INFO [2025-07-11 15:35:20] $x
INFO [2025-07-11 15:35:20] list(cTWAS = ctwas_genes, TWAS = twas_genes, coloc = coloc_genes)
INFO [2025-07-11 15:35:20] 
INFO [2025-07-11 15:35:20] $filename
INFO [2025-07-11 15:35:20] NULL
INFO [2025-07-11 15:35:20] 
INFO [2025-07-11 15:35:20] $output
INFO [2025-07-11 15:35:20] [1] TRUE
INFO [2025-07-11 15:35:20] 
INFO [2025-07-11 15:35:20] $category.names
INFO [2025-07-11 15:35:20] c("cTWAS", "TWAS", "coloc")
INFO [2025-07-11 15:35:20] 
INFO [2025-07-11 15:35:20] $cat.cex
INFO [2025-07-11 15:35:20] [1] 1.5
INFO [2025-07-11 15:35:20] 
INFO [2025-07-11 15:35:20] $cex
INFO [2025-07-11 15:35:20] [1] 1.5
INFO [2025-07-11 15:35:20] 
INFO [2025-07-11 15:35:20] $print.mode
INFO [2025-07-11 15:35:20] [1] "raw"
INFO [2025-07-11 15:35:20] 
INFO [2025-07-11 15:35:20] $fill
INFO [2025-07-11 15:35:20] c("#66c2a5", "#fc8d62", "#8da0cb")
INFO [2025-07-11 15:35:20] 
INFO [2025-07-11 15:35:20] $scaled
INFO [2025-07-11 15:35:20] [1] FALSE
INFO [2025-07-11 15:35:20] 
