INFO [2025-07-14 11:35:31] $x
INFO [2025-07-14 11:35:31] term_lists
INFO [2025-07-14 11:35:31] 
INFO [2025-07-14 11:35:31] $filename
INFO [2025-07-14 11:35:31] NULL
INFO [2025-07-14 11:35:31] 
INFO [2025-07-14 11:35:31] $output
INFO [2025-07-14 11:35:31] [1] TRUE
INFO [2025-07-14 11:35:31] 
INFO [2025-07-14 11:35:31] $category.names
INFO [2025-07-14 11:35:31] c("cTWAS", "TWAS", "coloc")
INFO [2025-07-14 11:35:31] 
INFO [2025-07-14 11:35:31] $cat.cex
INFO [2025-07-14 11:35:31] [1] 1.5
INFO [2025-07-14 11:35:31] 
INFO [2025-07-14 11:35:31] $cex
INFO [2025-07-14 11:35:31] [1] 1.5
INFO [2025-07-14 11:35:31] 
INFO [2025-07-14 11:35:31] $print.mode
INFO [2025-07-14 11:35:31] [1] "raw"
INFO [2025-07-14 11:35:31] 
INFO [2025-07-14 11:35:31] $fill
INFO [2025-07-14 11:35:31] c("#66c2a5", "#fc8d62", "#8da0cb")
INFO [2025-07-14 11:35:31] 
INFO [2025-07-14 11:35:31] $scaled
INFO [2025-07-14 11:35:31] [1] FALSE
INFO [2025-07-14 11:35:31] 
