INFO [2025-07-14 11:13:10] $x
INFO [2025-07-14 11:13:10] list(cTWAS = ctwas_genes, TWAS = twas_genes, coloc = coloc_genes)
INFO [2025-07-14 11:13:10] 
INFO [2025-07-14 11:13:10] $filename
INFO [2025-07-14 11:13:10] NULL
INFO [2025-07-14 11:13:10] 
INFO [2025-07-14 11:13:10] $output
INFO [2025-07-14 11:13:10] [1] TRUE
INFO [2025-07-14 11:13:10] 
INFO [2025-07-14 11:13:10] $category.names
INFO [2025-07-14 11:13:10] c("cTWAS", "TWAS", "coloc")
INFO [2025-07-14 11:13:10] 
INFO [2025-07-14 11:13:10] $cat.cex
INFO [2025-07-14 11:13:10] [1] 1.5
INFO [2025-07-14 11:13:10] 
INFO [2025-07-14 11:13:10] $cex
INFO [2025-07-14 11:13:10] [1] 1.5
INFO [2025-07-14 11:13:10] 
INFO [2025-07-14 11:13:10] $print.mode
INFO [2025-07-14 11:13:10] [1] "raw"
INFO [2025-07-14 11:13:10] 
INFO [2025-07-14 11:13:10] $fill
INFO [2025-07-14 11:13:10] c("#66c2a5", "#fc8d62", "#8da0cb")
INFO [2025-07-14 11:13:10] 
INFO [2025-07-14 11:13:10] $scaled
INFO [2025-07-14 11:13:10] [1] FALSE
INFO [2025-07-14 11:13:10] 
