INFO [2025-07-11 15:36:04] $x
INFO [2025-07-11 15:36:04] list(cTWAS = ctwas_genes, TWAS = twas_genes, coloc = coloc_genes)
INFO [2025-07-11 15:36:04] 
INFO [2025-07-11 15:36:04] $filename
INFO [2025-07-11 15:36:04] NULL
INFO [2025-07-11 15:36:04] 
INFO [2025-07-11 15:36:04] $output
INFO [2025-07-11 15:36:04] [1] TRUE
INFO [2025-07-11 15:36:04] 
INFO [2025-07-11 15:36:04] $category.names
INFO [2025-07-11 15:36:04] c("cTWAS", "TWAS", "coloc")
INFO [2025-07-11 15:36:04] 
INFO [2025-07-11 15:36:04] $cat.cex
INFO [2025-07-11 15:36:04] [1] 1.5
INFO [2025-07-11 15:36:04] 
INFO [2025-07-11 15:36:04] $cex
INFO [2025-07-11 15:36:04] [1] 1.5
INFO [2025-07-11 15:36:04] 
INFO [2025-07-11 15:36:04] $print.mode
INFO [2025-07-11 15:36:04] [1] "raw"
INFO [2025-07-11 15:36:04] 
INFO [2025-07-11 15:36:04] $fill
INFO [2025-07-11 15:36:04] c("#66c2a5", "#fc8d62", "#8da0cb")
INFO [2025-07-11 15:36:04] 
INFO [2025-07-11 15:36:04] $scaled
INFO [2025-07-11 15:36:04] [1] FALSE
INFO [2025-07-11 15:36:04] 
