INFO [2025-07-14 12:18:23] $x
INFO [2025-07-14 12:18:23] list(cTWAS = ctwas_genes, TWAS = twas_genes, coloc = coloc_genes)
INFO [2025-07-14 12:18:23] 
INFO [2025-07-14 12:18:23] $filename
INFO [2025-07-14 12:18:23] NULL
INFO [2025-07-14 12:18:23] 
INFO [2025-07-14 12:18:23] $output
INFO [2025-07-14 12:18:23] [1] TRUE
INFO [2025-07-14 12:18:23] 
INFO [2025-07-14 12:18:23] $category.names
INFO [2025-07-14 12:18:23] c("cTWAS", "TWAS", "coloc")
INFO [2025-07-14 12:18:23] 
INFO [2025-07-14 12:18:23] $cat.cex
INFO [2025-07-14 12:18:23] [1] 1.5
INFO [2025-07-14 12:18:23] 
INFO [2025-07-14 12:18:23] $cex
INFO [2025-07-14 12:18:23] [1] 1.5
INFO [2025-07-14 12:18:23] 
INFO [2025-07-14 12:18:23] $print.mode
INFO [2025-07-14 12:18:23] [1] "raw"
INFO [2025-07-14 12:18:23] 
INFO [2025-07-14 12:18:23] $fill
INFO [2025-07-14 12:18:23] c("#66c2a5", "#fc8d62", "#8da0cb")
INFO [2025-07-14 12:18:23] 
INFO [2025-07-14 12:18:23] $scaled
INFO [2025-07-14 12:18:23] [1] FALSE
INFO [2025-07-14 12:18:23] 
INFO [2025-07-14 12:18:23] $x
INFO [2025-07-14 12:18:23] term_lists
INFO [2025-07-14 12:18:23] 
INFO [2025-07-14 12:18:23] $filename
INFO [2025-07-14 12:18:23] NULL
INFO [2025-07-14 12:18:23] 
INFO [2025-07-14 12:18:23] $output
INFO [2025-07-14 12:18:23] [1] TRUE
INFO [2025-07-14 12:18:23] 
INFO [2025-07-14 12:18:23] $category.names
INFO [2025-07-14 12:18:23] c("cTWAS", "TWAS", "coloc")
INFO [2025-07-14 12:18:23] 
INFO [2025-07-14 12:18:23] $cat.cex
INFO [2025-07-14 12:18:23] [1] 1.5
INFO [2025-07-14 12:18:23] 
INFO [2025-07-14 12:18:23] $cex
INFO [2025-07-14 12:18:23] [1] 1.5
INFO [2025-07-14 12:18:23] 
INFO [2025-07-14 12:18:23] $print.mode
INFO [2025-07-14 12:18:23] [1] "raw"
INFO [2025-07-14 12:18:23] 
INFO [2025-07-14 12:18:23] $fill
INFO [2025-07-14 12:18:23] c("#66c2a5", "#fc8d62", "#8da0cb")
INFO [2025-07-14 12:18:23] 
INFO [2025-07-14 12:18:23] $scaled
INFO [2025-07-14 12:18:23] [1] FALSE
INFO [2025-07-14 12:18:23] 
INFO [2025-07-14 12:18:23] $x
INFO [2025-07-14 12:18:23] list(cTWAS = ctwas_genes, TWAS = twas_genes, coloc = coloc_genes)
INFO [2025-07-14 12:18:23] 
INFO [2025-07-14 12:18:23] $filename
INFO [2025-07-14 12:18:23] NULL
INFO [2025-07-14 12:18:23] 
INFO [2025-07-14 12:18:23] $output
INFO [2025-07-14 12:18:23] [1] TRUE
INFO [2025-07-14 12:18:23] 
INFO [2025-07-14 12:18:23] $category.names
INFO [2025-07-14 12:18:23] c("cTWAS", "TWAS", "coloc")
INFO [2025-07-14 12:18:23] 
INFO [2025-07-14 12:18:23] $cat.cex
INFO [2025-07-14 12:18:23] [1] 1.5
INFO [2025-07-14 12:18:23] 
INFO [2025-07-14 12:18:23] $cex
INFO [2025-07-14 12:18:23] [1] 1.5
INFO [2025-07-14 12:18:23] 
INFO [2025-07-14 12:18:23] $print.mode
INFO [2025-07-14 12:18:23] [1] "raw"
INFO [2025-07-14 12:18:23] 
INFO [2025-07-14 12:18:23] $fill
INFO [2025-07-14 12:18:23] c("#66c2a5", "#fc8d62", "#8da0cb")
INFO [2025-07-14 12:18:23] 
INFO [2025-07-14 12:18:23] $scaled
INFO [2025-07-14 12:18:23] [1] FALSE
INFO [2025-07-14 12:18:23] 
INFO [2025-07-14 12:18:23] $x
INFO [2025-07-14 12:18:23] term_lists
INFO [2025-07-14 12:18:23] 
INFO [2025-07-14 12:18:23] $filename
INFO [2025-07-14 12:18:23] NULL
INFO [2025-07-14 12:18:23] 
INFO [2025-07-14 12:18:23] $output
INFO [2025-07-14 12:18:23] [1] TRUE
INFO [2025-07-14 12:18:23] 
INFO [2025-07-14 12:18:23] $category.names
INFO [2025-07-14 12:18:23] c("cTWAS", "TWAS", "coloc")
INFO [2025-07-14 12:18:23] 
INFO [2025-07-14 12:18:23] $cat.cex
INFO [2025-07-14 12:18:23] [1] 1.5
INFO [2025-07-14 12:18:23] 
INFO [2025-07-14 12:18:23] $cex
INFO [2025-07-14 12:18:23] [1] 1.5
INFO [2025-07-14 12:18:23] 
INFO [2025-07-14 12:18:23] $print.mode
INFO [2025-07-14 12:18:23] [1] "raw"
INFO [2025-07-14 12:18:23] 
INFO [2025-07-14 12:18:23] $fill
INFO [2025-07-14 12:18:23] c("#66c2a5", "#fc8d62", "#8da0cb")
INFO [2025-07-14 12:18:23] 
INFO [2025-07-14 12:18:23] $scaled
INFO [2025-07-14 12:18:23] [1] FALSE
INFO [2025-07-14 12:18:23] 
INFO [2025-07-14 12:18:23] $x
INFO [2025-07-14 12:18:23] list(cTWAS = ctwas_genes, TWAS = twas_genes, coloc = coloc_genes)
INFO [2025-07-14 12:18:23] 
INFO [2025-07-14 12:18:23] $filename
INFO [2025-07-14 12:18:23] NULL
INFO [2025-07-14 12:18:23] 
INFO [2025-07-14 12:18:23] $output
INFO [2025-07-14 12:18:23] [1] TRUE
INFO [2025-07-14 12:18:23] 
INFO [2025-07-14 12:18:23] $category.names
INFO [2025-07-14 12:18:23] c("cTWAS", "TWAS", "coloc")
INFO [2025-07-14 12:18:23] 
INFO [2025-07-14 12:18:23] $cat.cex
INFO [2025-07-14 12:18:23] [1] 1.5
INFO [2025-07-14 12:18:23] 
INFO [2025-07-14 12:18:23] $cex
INFO [2025-07-14 12:18:23] [1] 1.5
INFO [2025-07-14 12:18:23] 
INFO [2025-07-14 12:18:23] $print.mode
INFO [2025-07-14 12:18:23] [1] "raw"
INFO [2025-07-14 12:18:23] 
INFO [2025-07-14 12:18:23] $fill
INFO [2025-07-14 12:18:23] c("#66c2a5", "#fc8d62", "#8da0cb")
INFO [2025-07-14 12:18:23] 
INFO [2025-07-14 12:18:23] $scaled
INFO [2025-07-14 12:18:23] [1] FALSE
INFO [2025-07-14 12:18:23] 
INFO [2025-07-14 12:18:23] $x
INFO [2025-07-14 12:18:23] term_lists
INFO [2025-07-14 12:18:23] 
INFO [2025-07-14 12:18:23] $filename
INFO [2025-07-14 12:18:23] NULL
INFO [2025-07-14 12:18:23] 
INFO [2025-07-14 12:18:23] $output
INFO [2025-07-14 12:18:23] [1] TRUE
INFO [2025-07-14 12:18:23] 
INFO [2025-07-14 12:18:23] $category.names
INFO [2025-07-14 12:18:23] c("cTWAS", "TWAS", "coloc")
INFO [2025-07-14 12:18:23] 
INFO [2025-07-14 12:18:23] $cat.cex
INFO [2025-07-14 12:18:23] [1] 1.5
INFO [2025-07-14 12:18:23] 
INFO [2025-07-14 12:18:23] $cex
INFO [2025-07-14 12:18:23] [1] 1.5
INFO [2025-07-14 12:18:23] 
INFO [2025-07-14 12:18:23] $print.mode
INFO [2025-07-14 12:18:23] [1] "raw"
INFO [2025-07-14 12:18:23] 
INFO [2025-07-14 12:18:23] $fill
INFO [2025-07-14 12:18:23] c("#66c2a5", "#fc8d62", "#8da0cb")
INFO [2025-07-14 12:18:23] 
INFO [2025-07-14 12:18:23] $scaled
INFO [2025-07-14 12:18:23] [1] FALSE
INFO [2025-07-14 12:18:23] 
