INFO [2025-07-11 15:35:42] $x
INFO [2025-07-11 15:35:42] term_lists
INFO [2025-07-11 15:35:42] 
INFO [2025-07-11 15:35:42] $filename
INFO [2025-07-11 15:35:42] NULL
INFO [2025-07-11 15:35:42] 
INFO [2025-07-11 15:35:42] $output
INFO [2025-07-11 15:35:42] [1] TRUE
INFO [2025-07-11 15:35:42] 
INFO [2025-07-11 15:35:42] $category.names
INFO [2025-07-11 15:35:42] c("cTWAS", "TWAS", "coloc")
INFO [2025-07-11 15:35:42] 
INFO [2025-07-11 15:35:42] $cat.cex
INFO [2025-07-11 15:35:42] [1] 1.5
INFO [2025-07-11 15:35:42] 
INFO [2025-07-11 15:35:42] $cex
INFO [2025-07-11 15:35:42] [1] 1.5
INFO [2025-07-11 15:35:42] 
INFO [2025-07-11 15:35:42] $print.mode
INFO [2025-07-11 15:35:42] [1] "raw"
INFO [2025-07-11 15:35:42] 
INFO [2025-07-11 15:35:42] $fill
INFO [2025-07-11 15:35:42] c("#66c2a5", "#fc8d62", "#8da0cb")
INFO [2025-07-11 15:35:42] 
INFO [2025-07-11 15:35:42] $scaled
INFO [2025-07-11 15:35:42] [1] FALSE
INFO [2025-07-11 15:35:42] 
