INFO [2025-07-11 15:36:13] $x
INFO [2025-07-11 15:36:13] term_lists
INFO [2025-07-11 15:36:13] 
INFO [2025-07-11 15:36:13] $filename
INFO [2025-07-11 15:36:13] NULL
INFO [2025-07-11 15:36:13] 
INFO [2025-07-11 15:36:13] $output
INFO [2025-07-11 15:36:13] [1] TRUE
INFO [2025-07-11 15:36:13] 
INFO [2025-07-11 15:36:13] $category.names
INFO [2025-07-11 15:36:13] c("cTWAS", "TWAS", "coloc")
INFO [2025-07-11 15:36:13] 
INFO [2025-07-11 15:36:13] $cat.cex
INFO [2025-07-11 15:36:13] [1] 1.5
INFO [2025-07-11 15:36:13] 
INFO [2025-07-11 15:36:13] $cex
INFO [2025-07-11 15:36:13] [1] 1.5
INFO [2025-07-11 15:36:13] 
INFO [2025-07-11 15:36:13] $print.mode
INFO [2025-07-11 15:36:13] [1] "raw"
INFO [2025-07-11 15:36:13] 
INFO [2025-07-11 15:36:13] $fill
INFO [2025-07-11 15:36:13] c("#66c2a5", "#fc8d62", "#8da0cb")
INFO [2025-07-11 15:36:13] 
INFO [2025-07-11 15:36:13] $scaled
INFO [2025-07-11 15:36:13] [1] FALSE
INFO [2025-07-11 15:36:13] 
