INFO [2025-07-14 11:36:25] $x
INFO [2025-07-14 11:36:25] term_lists
INFO [2025-07-14 11:36:25] 
INFO [2025-07-14 11:36:25] $filename
INFO [2025-07-14 11:36:25] NULL
INFO [2025-07-14 11:36:25] 
INFO [2025-07-14 11:36:25] $output
INFO [2025-07-14 11:36:25] [1] TRUE
INFO [2025-07-14 11:36:25] 
INFO [2025-07-14 11:36:25] $category.names
INFO [2025-07-14 11:36:25] c("cTWAS", "TWAS", "coloc")
INFO [2025-07-14 11:36:25] 
INFO [2025-07-14 11:36:25] $cat.cex
INFO [2025-07-14 11:36:25] [1] 1.5
INFO [2025-07-14 11:36:25] 
INFO [2025-07-14 11:36:25] $cex
INFO [2025-07-14 11:36:25] [1] 1.5
INFO [2025-07-14 11:36:25] 
INFO [2025-07-14 11:36:25] $print.mode
INFO [2025-07-14 11:36:25] [1] "raw"
INFO [2025-07-14 11:36:25] 
INFO [2025-07-14 11:36:25] $fill
INFO [2025-07-14 11:36:25] c("#66c2a5", "#fc8d62", "#8da0cb")
INFO [2025-07-14 11:36:25] 
INFO [2025-07-14 11:36:25] $scaled
INFO [2025-07-14 11:36:25] [1] FALSE
INFO [2025-07-14 11:36:25] 
