INFO [2025-07-11 15:28:19] $x
INFO [2025-07-11 15:28:19] list(cTWAS = ctwas_genes, TWAS = twas_genes, coloc = coloc_genes)
INFO [2025-07-11 15:28:19] 
INFO [2025-07-11 15:28:19] $filename
INFO [2025-07-11 15:28:19] NULL
INFO [2025-07-11 15:28:19] 
INFO [2025-07-11 15:28:19] $output
INFO [2025-07-11 15:28:19] [1] TRUE
INFO [2025-07-11 15:28:19] 
INFO [2025-07-11 15:28:19] $category.names
INFO [2025-07-11 15:28:19] c("cTWAS", "TWAS", "coloc")
INFO [2025-07-11 15:28:19] 
INFO [2025-07-11 15:28:19] $cat.cex
INFO [2025-07-11 15:28:19] [1] 1.5
INFO [2025-07-11 15:28:19] 
INFO [2025-07-11 15:28:19] $cex
INFO [2025-07-11 15:28:19] [1] 1.5
INFO [2025-07-11 15:28:19] 
INFO [2025-07-11 15:28:19] $print.mode
INFO [2025-07-11 15:28:19] [1] "raw"
INFO [2025-07-11 15:28:19] 
INFO [2025-07-11 15:28:19] $fill
INFO [2025-07-11 15:28:19] c("#66c2a5", "#fc8d62", "#8da0cb")
INFO [2025-07-11 15:28:19] 
INFO [2025-07-11 15:28:19] $scaled
INFO [2025-07-11 15:28:19] [1] FALSE
INFO [2025-07-11 15:28:19] 
INFO [2025-07-11 15:28:19] $x
INFO [2025-07-11 15:28:19] term_lists
INFO [2025-07-11 15:28:19] 
INFO [2025-07-11 15:28:19] $filename
INFO [2025-07-11 15:28:19] NULL
INFO [2025-07-11 15:28:19] 
INFO [2025-07-11 15:28:19] $output
INFO [2025-07-11 15:28:19] [1] TRUE
INFO [2025-07-11 15:28:19] 
INFO [2025-07-11 15:28:19] $category.names
INFO [2025-07-11 15:28:19] c("cTWAS", "TWAS", "coloc")
INFO [2025-07-11 15:28:19] 
INFO [2025-07-11 15:28:19] $cat.cex
INFO [2025-07-11 15:28:19] [1] 1.5
INFO [2025-07-11 15:28:19] 
INFO [2025-07-11 15:28:19] $cex
INFO [2025-07-11 15:28:19] [1] 1.5
INFO [2025-07-11 15:28:19] 
INFO [2025-07-11 15:28:19] $print.mode
INFO [2025-07-11 15:28:19] [1] "raw"
INFO [2025-07-11 15:28:19] 
INFO [2025-07-11 15:28:19] $fill
INFO [2025-07-11 15:28:19] c("#66c2a5", "#fc8d62", "#8da0cb")
INFO [2025-07-11 15:28:19] 
INFO [2025-07-11 15:28:19] $scaled
INFO [2025-07-11 15:28:19] [1] FALSE
INFO [2025-07-11 15:28:19] 
INFO [2025-07-11 15:28:19] $x
INFO [2025-07-11 15:28:19] list(cTWAS = ctwas_genes, TWAS = twas_genes, coloc = coloc_genes)
INFO [2025-07-11 15:28:19] 
INFO [2025-07-11 15:28:19] $filename
INFO [2025-07-11 15:28:19] NULL
INFO [2025-07-11 15:28:19] 
INFO [2025-07-11 15:28:19] $output
INFO [2025-07-11 15:28:19] [1] TRUE
INFO [2025-07-11 15:28:19] 
INFO [2025-07-11 15:28:19] $category.names
INFO [2025-07-11 15:28:19] c("cTWAS", "TWAS", "coloc")
INFO [2025-07-11 15:28:19] 
INFO [2025-07-11 15:28:19] $cat.cex
INFO [2025-07-11 15:28:19] [1] 1.5
INFO [2025-07-11 15:28:19] 
INFO [2025-07-11 15:28:19] $cex
INFO [2025-07-11 15:28:19] [1] 1.5
INFO [2025-07-11 15:28:19] 
INFO [2025-07-11 15:28:19] $print.mode
INFO [2025-07-11 15:28:19] [1] "raw"
INFO [2025-07-11 15:28:19] 
INFO [2025-07-11 15:28:19] $fill
INFO [2025-07-11 15:28:19] c("#66c2a5", "#fc8d62", "#8da0cb")
INFO [2025-07-11 15:28:19] 
INFO [2025-07-11 15:28:19] $scaled
INFO [2025-07-11 15:28:19] [1] FALSE
INFO [2025-07-11 15:28:19] 
INFO [2025-07-11 15:28:19] $x
INFO [2025-07-11 15:28:19] term_lists
INFO [2025-07-11 15:28:19] 
INFO [2025-07-11 15:28:19] $filename
INFO [2025-07-11 15:28:19] NULL
INFO [2025-07-11 15:28:19] 
INFO [2025-07-11 15:28:19] $output
INFO [2025-07-11 15:28:19] [1] TRUE
INFO [2025-07-11 15:28:19] 
INFO [2025-07-11 15:28:19] $category.names
INFO [2025-07-11 15:28:19] c("cTWAS", "TWAS", "coloc")
INFO [2025-07-11 15:28:19] 
INFO [2025-07-11 15:28:19] $cat.cex
INFO [2025-07-11 15:28:19] [1] 1.5
INFO [2025-07-11 15:28:19] 
INFO [2025-07-11 15:28:19] $cex
INFO [2025-07-11 15:28:19] [1] 1.5
INFO [2025-07-11 15:28:19] 
INFO [2025-07-11 15:28:19] $print.mode
INFO [2025-07-11 15:28:19] [1] "raw"
INFO [2025-07-11 15:28:19] 
INFO [2025-07-11 15:28:19] $fill
INFO [2025-07-11 15:28:19] c("#66c2a5", "#fc8d62", "#8da0cb")
INFO [2025-07-11 15:28:19] 
INFO [2025-07-11 15:28:19] $scaled
INFO [2025-07-11 15:28:19] [1] FALSE
INFO [2025-07-11 15:28:19] 
INFO [2025-07-11 15:28:19] $x
INFO [2025-07-11 15:28:19] list(cTWAS = ctwas_genes, TWAS = twas_genes, coloc = coloc_genes)
INFO [2025-07-11 15:28:19] 
INFO [2025-07-11 15:28:19] $filename
INFO [2025-07-11 15:28:19] NULL
INFO [2025-07-11 15:28:19] 
INFO [2025-07-11 15:28:19] $output
INFO [2025-07-11 15:28:19] [1] TRUE
INFO [2025-07-11 15:28:19] 
INFO [2025-07-11 15:28:19] $category.names
INFO [2025-07-11 15:28:19] c("cTWAS", "TWAS", "coloc")
INFO [2025-07-11 15:28:19] 
INFO [2025-07-11 15:28:19] $cat.cex
INFO [2025-07-11 15:28:19] [1] 1.5
INFO [2025-07-11 15:28:19] 
INFO [2025-07-11 15:28:19] $cex
INFO [2025-07-11 15:28:19] [1] 1.5
INFO [2025-07-11 15:28:19] 
INFO [2025-07-11 15:28:19] $print.mode
INFO [2025-07-11 15:28:19] [1] "raw"
INFO [2025-07-11 15:28:19] 
INFO [2025-07-11 15:28:19] $fill
INFO [2025-07-11 15:28:19] c("#66c2a5", "#fc8d62", "#8da0cb")
INFO [2025-07-11 15:28:19] 
INFO [2025-07-11 15:28:19] $scaled
INFO [2025-07-11 15:28:19] [1] FALSE
INFO [2025-07-11 15:28:19] 
INFO [2025-07-11 15:28:19] $x
INFO [2025-07-11 15:28:19] term_lists
INFO [2025-07-11 15:28:19] 
INFO [2025-07-11 15:28:19] $filename
INFO [2025-07-11 15:28:19] NULL
INFO [2025-07-11 15:28:19] 
INFO [2025-07-11 15:28:19] $output
INFO [2025-07-11 15:28:19] [1] TRUE
INFO [2025-07-11 15:28:19] 
INFO [2025-07-11 15:28:19] $category.names
INFO [2025-07-11 15:28:19] c("cTWAS", "TWAS", "coloc")
INFO [2025-07-11 15:28:19] 
INFO [2025-07-11 15:28:19] $cat.cex
INFO [2025-07-11 15:28:19] [1] 1.5
INFO [2025-07-11 15:28:19] 
INFO [2025-07-11 15:28:19] $cex
INFO [2025-07-11 15:28:19] [1] 1.5
INFO [2025-07-11 15:28:19] 
INFO [2025-07-11 15:28:19] $print.mode
INFO [2025-07-11 15:28:19] [1] "raw"
INFO [2025-07-11 15:28:19] 
INFO [2025-07-11 15:28:19] $fill
INFO [2025-07-11 15:28:19] c("#66c2a5", "#fc8d62", "#8da0cb")
INFO [2025-07-11 15:28:19] 
INFO [2025-07-11 15:28:19] $scaled
INFO [2025-07-11 15:28:19] [1] FALSE
INFO [2025-07-11 15:28:19] 
INFO [2025-07-11 15:28:19] $x
INFO [2025-07-11 15:28:19] list(cTWAS = ctwas_genes, TWAS = twas_genes, coloc = coloc_genes)
INFO [2025-07-11 15:28:19] 
INFO [2025-07-11 15:28:19] $filename
INFO [2025-07-11 15:28:19] NULL
INFO [2025-07-11 15:28:19] 
INFO [2025-07-11 15:28:19] $output
INFO [2025-07-11 15:28:19] [1] TRUE
INFO [2025-07-11 15:28:19] 
INFO [2025-07-11 15:28:19] $category.names
INFO [2025-07-11 15:28:19] c("cTWAS", "TWAS", "coloc")
INFO [2025-07-11 15:28:19] 
INFO [2025-07-11 15:28:19] $cat.cex
INFO [2025-07-11 15:28:19] [1] 1.5
INFO [2025-07-11 15:28:19] 
INFO [2025-07-11 15:28:19] $cex
INFO [2025-07-11 15:28:19] [1] 1.5
INFO [2025-07-11 15:28:19] 
INFO [2025-07-11 15:28:19] $print.mode
INFO [2025-07-11 15:28:19] [1] "raw"
INFO [2025-07-11 15:28:19] 
INFO [2025-07-11 15:28:19] $fill
INFO [2025-07-11 15:28:19] c("#66c2a5", "#fc8d62", "#8da0cb")
INFO [2025-07-11 15:28:19] 
INFO [2025-07-11 15:28:19] $scaled
INFO [2025-07-11 15:28:19] [1] FALSE
INFO [2025-07-11 15:28:19] 
INFO [2025-07-11 15:28:19] $x
INFO [2025-07-11 15:28:19] term_lists
INFO [2025-07-11 15:28:19] 
INFO [2025-07-11 15:28:19] $filename
INFO [2025-07-11 15:28:19] NULL
INFO [2025-07-11 15:28:19] 
INFO [2025-07-11 15:28:19] $output
INFO [2025-07-11 15:28:19] [1] TRUE
INFO [2025-07-11 15:28:19] 
INFO [2025-07-11 15:28:19] $category.names
INFO [2025-07-11 15:28:19] c("cTWAS", "TWAS", "coloc")
INFO [2025-07-11 15:28:19] 
INFO [2025-07-11 15:28:19] $cat.cex
INFO [2025-07-11 15:28:19] [1] 1.5
INFO [2025-07-11 15:28:19] 
INFO [2025-07-11 15:28:19] $cex
INFO [2025-07-11 15:28:19] [1] 1.5
INFO [2025-07-11 15:28:19] 
INFO [2025-07-11 15:28:19] $print.mode
INFO [2025-07-11 15:28:19] [1] "raw"
INFO [2025-07-11 15:28:19] 
INFO [2025-07-11 15:28:19] $fill
INFO [2025-07-11 15:28:19] c("#66c2a5", "#fc8d62", "#8da0cb")
INFO [2025-07-11 15:28:19] 
INFO [2025-07-11 15:28:19] $scaled
INFO [2025-07-11 15:28:19] [1] FALSE
INFO [2025-07-11 15:28:19] 
