INFO [2024-11-25 12:41:20] $x
INFO [2024-11-25 12:41:20] list(set1, set2)
INFO [2024-11-25 12:41:20] 
INFO [2024-11-25 12:41:20] $category.names
INFO [2024-11-25 12:41:20] c("meQTL alone", "meQTL + eQTL")
INFO [2024-11-25 12:41:20] 
INFO [2024-11-25 12:41:20] $filename
INFO [2024-11-25 12:41:20] NULL
INFO [2024-11-25 12:41:20] 
INFO [2024-11-25 12:41:20] $lwd
INFO [2024-11-25 12:41:20] [1] 2
INFO [2024-11-25 12:41:20] 
INFO [2024-11-25 12:41:20] $lty
INFO [2024-11-25 12:41:20] [1] "blank"
INFO [2024-11-25 12:41:20] 
INFO [2024-11-25 12:41:20] $fill
INFO [2024-11-25 12:41:20] c("#87CEFA", "#fb8072")
INFO [2024-11-25 12:41:20] 
INFO [2024-11-25 12:41:20] $x
INFO [2024-11-25 12:41:20] list(set1, set2)
INFO [2024-11-25 12:41:20] 
INFO [2024-11-25 12:41:20] $category.names
INFO [2024-11-25 12:41:20] c("eQTL alone", "meQTL + eQTL")
INFO [2024-11-25 12:41:20] 
INFO [2024-11-25 12:41:20] $filename
INFO [2024-11-25 12:41:20] NULL
INFO [2024-11-25 12:41:20] 
INFO [2024-11-25 12:41:20] $lwd
INFO [2024-11-25 12:41:20] [1] 2
INFO [2024-11-25 12:41:20] 
INFO [2024-11-25 12:41:20] $lty
INFO [2024-11-25 12:41:20] [1] "blank"
INFO [2024-11-25 12:41:20] 
INFO [2024-11-25 12:41:20] $fill
INFO [2024-11-25 12:41:20] c("#87CEFA", "#fb8072")
INFO [2024-11-25 12:41:20] 
