INFO [2025-02-06 16:54:41] $x
INFO [2025-02-06 16:54:41] list(Group1 = enrich_multi_sig$G, Group2 = enrich_multi_samevarL5_sig$GO)
INFO [2025-02-06 16:54:41] 
INFO [2025-02-06 16:54:41] $filename
INFO [2025-02-06 16:54:41] NULL
INFO [2025-02-06 16:54:41] 
INFO [2025-02-06 16:54:41] $output
INFO [2025-02-06 16:54:41] [1] FALSE
INFO [2025-02-06 16:54:41] 
INFO [2025-02-06 16:54:41] $fill
INFO [2025-02-06 16:54:41] c("skyblue", "pink")
INFO [2025-02-06 16:54:41] 
INFO [2025-02-06 16:54:41] $alpha
INFO [2025-02-06 16:54:41] [1] 0.5
INFO [2025-02-06 16:54:41] 
INFO [2025-02-06 16:54:41] $category.names
INFO [2025-02-06 16:54:41] c("share_type,preL", "share_all,L=5")
INFO [2025-02-06 16:54:41] 
INFO [2025-02-06 16:54:41] $main
INFO [2025-02-06 16:54:41] [1] "Comparing GO terms identified by fractional model, FDR < 0.05"
INFO [2025-02-06 16:54:41] 
INFO [2025-02-06 16:54:41] $x
INFO [2025-02-06 16:54:41] list(Group1 = enrich_multi_sig$G, Group2 = enrich_multi_samevarL5_sig$GO)
INFO [2025-02-06 16:54:41] 
INFO [2025-02-06 16:54:41] $filename
INFO [2025-02-06 16:54:41] NULL
INFO [2025-02-06 16:54:41] 
INFO [2025-02-06 16:54:41] $output
INFO [2025-02-06 16:54:41] [1] FALSE
INFO [2025-02-06 16:54:41] 
INFO [2025-02-06 16:54:41] $fill
INFO [2025-02-06 16:54:41] c("skyblue", "pink")
INFO [2025-02-06 16:54:41] 
INFO [2025-02-06 16:54:41] $alpha
INFO [2025-02-06 16:54:41] [1] 0.5
INFO [2025-02-06 16:54:41] 
INFO [2025-02-06 16:54:41] $category.names
INFO [2025-02-06 16:54:41] c("share_type,preL", "share_all,L=5")
INFO [2025-02-06 16:54:41] 
INFO [2025-02-06 16:54:41] $main
INFO [2025-02-06 16:54:41] [1] "Comparing GO terms identified by fractional model, FDR < 0.1"
INFO [2025-02-06 16:54:41] 
