INFO [2025-07-16 11:07:02] $x
INFO [2025-07-16 11:07:02] term_lists
INFO [2025-07-16 11:07:02] 
INFO [2025-07-16 11:07:02] $filename
INFO [2025-07-16 11:07:02] NULL
INFO [2025-07-16 11:07:02] 
INFO [2025-07-16 11:07:02] $output
INFO [2025-07-16 11:07:02] [1] TRUE
INFO [2025-07-16 11:07:02] 
INFO [2025-07-16 11:07:02] $category.names
INFO [2025-07-16 11:07:02] c("cTWAS", "TWAS", "coloc")
INFO [2025-07-16 11:07:02] 
INFO [2025-07-16 11:07:02] $cat.cex
INFO [2025-07-16 11:07:02] [1] 1.5
INFO [2025-07-16 11:07:02] 
INFO [2025-07-16 11:07:02] $cex
INFO [2025-07-16 11:07:02] [1] 1.5
INFO [2025-07-16 11:07:02] 
INFO [2025-07-16 11:07:02] $print.mode
INFO [2025-07-16 11:07:02] [1] "raw"
INFO [2025-07-16 11:07:02] 
INFO [2025-07-16 11:07:02] $fill
INFO [2025-07-16 11:07:02] c("#66c2a5", "#fc8d62", "#8da0cb")
INFO [2025-07-16 11:07:02] 
INFO [2025-07-16 11:07:02] $scaled
INFO [2025-07-16 11:07:02] [1] FALSE
INFO [2025-07-16 11:07:02] 
INFO [2025-07-16 11:07:02] $x
INFO [2025-07-16 11:07:02] list(cTWAS = ctwas_genes, TWAS = twas_genes, coloc = coloc_genes)
INFO [2025-07-16 11:07:02] 
INFO [2025-07-16 11:07:02] $filename
INFO [2025-07-16 11:07:02] NULL
INFO [2025-07-16 11:07:02] 
INFO [2025-07-16 11:07:02] $output
INFO [2025-07-16 11:07:02] [1] TRUE
INFO [2025-07-16 11:07:02] 
INFO [2025-07-16 11:07:02] $category.names
INFO [2025-07-16 11:07:02] c("cTWAS", "TWAS", "coloc")
INFO [2025-07-16 11:07:02] 
INFO [2025-07-16 11:07:02] $cat.cex
INFO [2025-07-16 11:07:02] [1] 1.5
INFO [2025-07-16 11:07:02] 
INFO [2025-07-16 11:07:02] $cex
INFO [2025-07-16 11:07:02] [1] 1.5
INFO [2025-07-16 11:07:02] 
INFO [2025-07-16 11:07:02] $print.mode
INFO [2025-07-16 11:07:02] [1] "raw"
INFO [2025-07-16 11:07:02] 
INFO [2025-07-16 11:07:02] $fill
INFO [2025-07-16 11:07:02] c("#66c2a5", "#fc8d62", "#8da0cb")
INFO [2025-07-16 11:07:02] 
INFO [2025-07-16 11:07:02] $scaled
INFO [2025-07-16 11:07:02] [1] FALSE
INFO [2025-07-16 11:07:02] 
INFO [2025-07-16 11:07:02] $x
INFO [2025-07-16 11:07:02] term_lists
INFO [2025-07-16 11:07:02] 
INFO [2025-07-16 11:07:02] $filename
INFO [2025-07-16 11:07:02] NULL
INFO [2025-07-16 11:07:02] 
INFO [2025-07-16 11:07:02] $output
INFO [2025-07-16 11:07:02] [1] TRUE
INFO [2025-07-16 11:07:02] 
INFO [2025-07-16 11:07:02] $category.names
INFO [2025-07-16 11:07:02] c("cTWAS", "TWAS", "coloc")
INFO [2025-07-16 11:07:02] 
INFO [2025-07-16 11:07:02] $cat.cex
INFO [2025-07-16 11:07:02] [1] 1.5
INFO [2025-07-16 11:07:02] 
INFO [2025-07-16 11:07:02] $cex
INFO [2025-07-16 11:07:02] [1] 1.5
INFO [2025-07-16 11:07:02] 
INFO [2025-07-16 11:07:02] $print.mode
INFO [2025-07-16 11:07:02] [1] "raw"
INFO [2025-07-16 11:07:02] 
INFO [2025-07-16 11:07:02] $fill
INFO [2025-07-16 11:07:02] c("#66c2a5", "#fc8d62", "#8da0cb")
INFO [2025-07-16 11:07:02] 
INFO [2025-07-16 11:07:02] $scaled
INFO [2025-07-16 11:07:02] [1] FALSE
INFO [2025-07-16 11:07:02] 
INFO [2025-07-16 11:07:02] $x
INFO [2025-07-16 11:07:02] list(cTWAS = ctwas_genes, TWAS = twas_genes, coloc = coloc_genes)
INFO [2025-07-16 11:07:02] 
INFO [2025-07-16 11:07:02] $filename
INFO [2025-07-16 11:07:02] NULL
INFO [2025-07-16 11:07:02] 
INFO [2025-07-16 11:07:02] $output
INFO [2025-07-16 11:07:02] [1] TRUE
INFO [2025-07-16 11:07:02] 
INFO [2025-07-16 11:07:02] $category.names
INFO [2025-07-16 11:07:02] c("cTWAS", "TWAS", "coloc")
INFO [2025-07-16 11:07:02] 
INFO [2025-07-16 11:07:02] $cat.cex
INFO [2025-07-16 11:07:02] [1] 1.5
INFO [2025-07-16 11:07:02] 
INFO [2025-07-16 11:07:02] $cex
INFO [2025-07-16 11:07:02] [1] 1.5
INFO [2025-07-16 11:07:02] 
INFO [2025-07-16 11:07:02] $print.mode
INFO [2025-07-16 11:07:02] [1] "raw"
INFO [2025-07-16 11:07:02] 
INFO [2025-07-16 11:07:02] $fill
INFO [2025-07-16 11:07:02] c("#66c2a5", "#fc8d62", "#8da0cb")
INFO [2025-07-16 11:07:02] 
INFO [2025-07-16 11:07:02] $scaled
INFO [2025-07-16 11:07:02] [1] FALSE
INFO [2025-07-16 11:07:02] 
INFO [2025-07-16 11:07:02] $x
INFO [2025-07-16 11:07:02] term_lists
INFO [2025-07-16 11:07:02] 
INFO [2025-07-16 11:07:02] $filename
INFO [2025-07-16 11:07:02] NULL
INFO [2025-07-16 11:07:02] 
INFO [2025-07-16 11:07:02] $output
INFO [2025-07-16 11:07:02] [1] TRUE
INFO [2025-07-16 11:07:02] 
INFO [2025-07-16 11:07:02] $category.names
INFO [2025-07-16 11:07:02] c("cTWAS", "TWAS", "coloc")
INFO [2025-07-16 11:07:02] 
INFO [2025-07-16 11:07:02] $cat.cex
INFO [2025-07-16 11:07:02] [1] 1.5
INFO [2025-07-16 11:07:02] 
INFO [2025-07-16 11:07:02] $cex
INFO [2025-07-16 11:07:02] [1] 1.5
INFO [2025-07-16 11:07:02] 
INFO [2025-07-16 11:07:02] $print.mode
INFO [2025-07-16 11:07:02] [1] "raw"
INFO [2025-07-16 11:07:02] 
INFO [2025-07-16 11:07:02] $fill
INFO [2025-07-16 11:07:02] c("#66c2a5", "#fc8d62", "#8da0cb")
INFO [2025-07-16 11:07:02] 
INFO [2025-07-16 11:07:02] $scaled
INFO [2025-07-16 11:07:02] [1] FALSE
INFO [2025-07-16 11:07:02] 
INFO [2025-07-16 11:07:02] $x
INFO [2025-07-16 11:07:02] list(cTWAS = ctwas_genes, TWAS = twas_genes, coloc = coloc_genes)
INFO [2025-07-16 11:07:02] 
INFO [2025-07-16 11:07:02] $filename
INFO [2025-07-16 11:07:02] NULL
INFO [2025-07-16 11:07:02] 
INFO [2025-07-16 11:07:02] $output
INFO [2025-07-16 11:07:02] [1] TRUE
INFO [2025-07-16 11:07:02] 
INFO [2025-07-16 11:07:02] $category.names
INFO [2025-07-16 11:07:02] c("cTWAS", "TWAS", "coloc")
INFO [2025-07-16 11:07:02] 
INFO [2025-07-16 11:07:02] $cat.cex
INFO [2025-07-16 11:07:02] [1] 1.5
INFO [2025-07-16 11:07:02] 
INFO [2025-07-16 11:07:02] $cex
INFO [2025-07-16 11:07:02] [1] 1.5
INFO [2025-07-16 11:07:02] 
INFO [2025-07-16 11:07:02] $print.mode
INFO [2025-07-16 11:07:02] [1] "raw"
INFO [2025-07-16 11:07:02] 
INFO [2025-07-16 11:07:02] $fill
INFO [2025-07-16 11:07:02] c("#66c2a5", "#fc8d62", "#8da0cb")
INFO [2025-07-16 11:07:02] 
INFO [2025-07-16 11:07:02] $scaled
INFO [2025-07-16 11:07:02] [1] FALSE
INFO [2025-07-16 11:07:02] 
INFO [2025-07-16 11:07:02] $x
INFO [2025-07-16 11:07:02] term_lists
INFO [2025-07-16 11:07:02] 
INFO [2025-07-16 11:07:02] $filename
INFO [2025-07-16 11:07:02] NULL
INFO [2025-07-16 11:07:02] 
INFO [2025-07-16 11:07:02] $output
INFO [2025-07-16 11:07:02] [1] TRUE
INFO [2025-07-16 11:07:02] 
INFO [2025-07-16 11:07:02] $category.names
INFO [2025-07-16 11:07:02] c("cTWAS", "TWAS", "coloc")
INFO [2025-07-16 11:07:02] 
INFO [2025-07-16 11:07:02] $cat.cex
INFO [2025-07-16 11:07:02] [1] 1.5
INFO [2025-07-16 11:07:02] 
INFO [2025-07-16 11:07:02] $cex
INFO [2025-07-16 11:07:02] [1] 1.5
INFO [2025-07-16 11:07:02] 
INFO [2025-07-16 11:07:02] $print.mode
INFO [2025-07-16 11:07:02] [1] "raw"
INFO [2025-07-16 11:07:02] 
INFO [2025-07-16 11:07:02] $fill
INFO [2025-07-16 11:07:02] c("#66c2a5", "#fc8d62", "#8da0cb")
INFO [2025-07-16 11:07:02] 
INFO [2025-07-16 11:07:02] $scaled
INFO [2025-07-16 11:07:02] [1] FALSE
INFO [2025-07-16 11:07:02] 
