INFO [2024-11-24 12:05:32] $x
INFO [2024-11-24 12:05:32] list(set1, set2)
INFO [2024-11-24 12:05:32] 
INFO [2024-11-24 12:05:32] $category.names
INFO [2024-11-24 12:05:32] c("eQTL alone", "meQTL + eQTL")
INFO [2024-11-24 12:05:32] 
INFO [2024-11-24 12:05:32] $filename
INFO [2024-11-24 12:05:32] NULL
INFO [2024-11-24 12:05:32] 
INFO [2024-11-24 12:05:32] $lwd
INFO [2024-11-24 12:05:32] [1] 2
INFO [2024-11-24 12:05:32] 
INFO [2024-11-24 12:05:32] $lty
INFO [2024-11-24 12:05:32] [1] "blank"
INFO [2024-11-24 12:05:32] 
INFO [2024-11-24 12:05:32] $fill
INFO [2024-11-24 12:05:32] c("#87CEFA", "#fb8072")
INFO [2024-11-24 12:05:32] 
INFO [2024-11-24 12:05:33] $x
INFO [2024-11-24 12:05:33] list(set1, set2)
INFO [2024-11-24 12:05:33] 
INFO [2024-11-24 12:05:33] $category.names
INFO [2024-11-24 12:05:33] c("meQTL alone", "meQTL + eQTL")
INFO [2024-11-24 12:05:33] 
INFO [2024-11-24 12:05:33] $filename
INFO [2024-11-24 12:05:33] NULL
INFO [2024-11-24 12:05:33] 
INFO [2024-11-24 12:05:33] $lwd
INFO [2024-11-24 12:05:33] [1] 2
INFO [2024-11-24 12:05:33] 
INFO [2024-11-24 12:05:33] $lty
INFO [2024-11-24 12:05:33] [1] "blank"
INFO [2024-11-24 12:05:33] 
INFO [2024-11-24 12:05:33] $fill
INFO [2024-11-24 12:05:33] c("#87CEFA", "#fb8072")
INFO [2024-11-24 12:05:33] 
